This is pdfTeX, Version 3.141592653-2.6-1.40.26 (TeX Live 2024) (preloaded format=pdflatex 2024.12.3)  5 JUL 2026 21:38
entering extended mode
 restricted \write18 enabled.
 %&-line parsing enabled.
**Ghafarian_Ch3_4_English_complete.tex
(./Ghafarian_Ch3_4_English_complete.tex
LaTeX2e <2023-11-01> patch level 1
L3 programming layer <2024-02-20>
(c:/texlive/2024/texmf-dist/tex/latex/base/report.cls
Document Class: report 2023/05/17 v1.4n Standard LaTeX document class
(c:/texlive/2024/texmf-dist/tex/latex/base/size12.clo
File: size12.clo 2023/05/17 v1.4n Standard LaTeX file (size option)
)
\c@part=\count188
\c@chapter=\count189
\c@section=\count190
\c@subsection=\count191
\c@subsubsection=\count192
\c@paragraph=\count193
\c@subparagraph=\count194
\c@figure=\count195
\c@table=\count196
\abovecaptionskip=\skip48
\belowcaptionskip=\skip49
\bibindent=\dimen140
)
(c:/texlive/2024/texmf-dist/tex/latex/base/inputenc.sty
Package: inputenc 2021/02/14 v1.3d Input encoding file
\inpenc@prehook=\toks17
\inpenc@posthook=\toks18
)
(c:/texlive/2024/texmf-dist/tex/latex/base/fontenc.sty
Package: fontenc 2021/04/29 v2.0v Standard LaTeX package
)
(c:/texlive/2024/texmf-dist/tex/latex/lm/lmodern.sty
Package: lmodern 2015/05/01 v1.6.1 Latin Modern Fonts
LaTeX Font Info:    Overwriting symbol font `operators' in version `normal'
(Font)                  OT1/cmr/m/n --> OT1/lmr/m/n on input line 22.
LaTeX Font Info:    Overwriting symbol font `letters' in version `normal'
(Font)                  OML/cmm/m/it --> OML/lmm/m/it on input line 23.
LaTeX Font Info:    Overwriting symbol font `symbols' in version `normal'
(Font)                  OMS/cmsy/m/n --> OMS/lmsy/m/n on input line 24.
LaTeX Font Info:    Overwriting symbol font `largesymbols' in version `normal'
(Font)                  OMX/cmex/m/n --> OMX/lmex/m/n on input line 25.
LaTeX Font Info:    Overwriting symbol font `operators' in version `bold'
(Font)                  OT1/cmr/bx/n --> OT1/lmr/bx/n on input line 26.
LaTeX Font Info:    Overwriting symbol font `letters' in version `bold'
(Font)                  OML/cmm/b/it --> OML/lmm/b/it on input line 27.
LaTeX Font Info:    Overwriting symbol font `symbols' in version `bold'
(Font)                  OMS/cmsy/b/n --> OMS/lmsy/b/n on input line 28.
LaTeX Font Info:    Overwriting symbol font `largesymbols' in version `bold'
(Font)                  OMX/cmex/m/n --> OMX/lmex/m/n on input line 29.
LaTeX Font Info:    Overwriting math alphabet `\mathbf' in version `normal'
(Font)                  OT1/cmr/bx/n --> OT1/lmr/bx/n on input line 31.
LaTeX Font Info:    Overwriting math alphabet `\mathsf' in version `normal'
(Font)                  OT1/cmss/m/n --> OT1/lmss/m/n on input line 32.
LaTeX Font Info:    Overwriting math alphabet `\mathit' in version `normal'
(Font)                  OT1/cmr/m/it --> OT1/lmr/m/it on input line 33.
LaTeX Font Info:    Overwriting math alphabet `\mathtt' in version `normal'
(Font)                  OT1/cmtt/m/n --> OT1/lmtt/m/n on input line 34.
LaTeX Font Info:    Overwriting math alphabet `\mathbf' in version `bold'
(Font)                  OT1/cmr/bx/n --> OT1/lmr/bx/n on input line 35.
LaTeX Font Info:    Overwriting math alphabet `\mathsf' in version `bold'
(Font)                  OT1/cmss/bx/n --> OT1/lmss/bx/n on input line 36.
LaTeX Font Info:    Overwriting math alphabet `\mathit' in version `bold'
(Font)                  OT1/cmr/bx/it --> OT1/lmr/bx/it on input line 37.
LaTeX Font Info:    Overwriting math alphabet `\mathtt' in version `bold'
(Font)                  OT1/cmtt/m/n --> OT1/lmtt/m/n on input line 38.
)
(c:/texlive/2024/texmf-dist/tex/latex/geometry/geometry.sty
Package: geometry 2020/01/02 v5.9 Page Geometry

(c:/texlive/2024/texmf-dist/tex/latex/graphics/keyval.sty
Package: keyval 2022/05/29 v1.15 key=value parser (DPC)
\KV@toks@=\toks19
)
(c:/texlive/2024/texmf-dist/tex/generic/iftex/ifvtex.sty
Package: ifvtex 2019/10/25 v1.7 ifvtex legacy package. Use iftex instead.

(c:/texlive/2024/texmf-dist/tex/generic/iftex/iftex.sty
Package: iftex 2022/02/03 v1.0f TeX engine tests
))
\Gm@cnth=\count197
\Gm@cntv=\count198
\c@Gm@tempcnt=\count199
\Gm@bindingoffset=\dimen141
\Gm@wd@mp=\dimen142
\Gm@odd@mp=\dimen143
\Gm@even@mp=\dimen144
\Gm@layoutwidth=\dimen145
\Gm@layoutheight=\dimen146
\Gm@layouthoffset=\dimen147
\Gm@layoutvoffset=\dimen148
\Gm@dimlist=\toks20
)
(c:/texlive/2024/texmf-dist/tex/latex/amsmath/amsmath.sty
Package: amsmath 2023/05/13 v2.17o AMS math features
\@mathmargin=\skip50

For additional information on amsmath, use the `?' option.
(c:/texlive/2024/texmf-dist/tex/latex/amsmath/amstext.sty
Package: amstext 2021/08/26 v2.01 AMS text

(c:/texlive/2024/texmf-dist/tex/latex/amsmath/amsgen.sty
File: amsgen.sty 1999/11/30 v2.0 generic functions
\@emptytoks=\toks21
\ex@=\dimen149
))
(c:/texlive/2024/texmf-dist/tex/latex/amsmath/amsbsy.sty
Package: amsbsy 1999/11/29 v1.2d Bold Symbols
\pmbraise@=\dimen150
)
(c:/texlive/2024/texmf-dist/tex/latex/amsmath/amsopn.sty
Package: amsopn 2022/04/08 v2.04 operator names
)
\inf@bad=\count266
LaTeX Info: Redefining \frac on input line 234.
\uproot@=\count267
\leftroot@=\count268
LaTeX Info: Redefining \overline on input line 399.
LaTeX Info: Redefining \colon on input line 410.
\classnum@=\count269
\DOTSCASE@=\count270
LaTeX Info: Redefining \ldots on input line 496.
LaTeX Info: Redefining \dots on input line 499.
LaTeX Info: Redefining \cdots on input line 620.
\Mathstrutbox@=\box51
\strutbox@=\box52
LaTeX Info: Redefining \big on input line 722.
LaTeX Info: Redefining \Big on input line 723.
LaTeX Info: Redefining \bigg on input line 724.
LaTeX Info: Redefining \Bigg on input line 725.
\big@size=\dimen151
LaTeX Font Info:    Redeclaring font encoding OML on input line 743.
LaTeX Font Info:    Redeclaring font encoding OMS on input line 744.
\macc@depth=\count271
LaTeX Info: Redefining \bmod on input line 905.
LaTeX Info: Redefining \pmod on input line 910.
LaTeX Info: Redefining \smash on input line 940.
LaTeX Info: Redefining \relbar on input line 970.
LaTeX Info: Redefining \Relbar on input line 971.
\c@MaxMatrixCols=\count272
\dotsspace@=\muskip16
\c@parentequation=\count273
\dspbrk@lvl=\count274
\tag@help=\toks22
\row@=\count275
\column@=\count276
\maxfields@=\count277
\andhelp@=\toks23
\eqnshift@=\dimen152
\alignsep@=\dimen153
\tagshift@=\dimen154
\tagwidth@=\dimen155
\totwidth@=\dimen156
\lineht@=\dimen157
\@envbody=\toks24
\multlinegap=\skip51
\multlinetaggap=\skip52
\mathdisplay@stack=\toks25
LaTeX Info: Redefining \[ on input line 2953.
LaTeX Info: Redefining \] on input line 2954.
)
(c:/texlive/2024/texmf-dist/tex/latex/amsfonts/amssymb.sty
Package: amssymb 2013/01/14 v3.01 AMS font symbols

(c:/texlive/2024/texmf-dist/tex/latex/amsfonts/amsfonts.sty
Package: amsfonts 2013/01/14 v3.01 Basic AMSFonts support
\symAMSa=\mathgroup4
\symAMSb=\mathgroup5
LaTeX Font Info:    Redeclaring math symbol \hbar on input line 98.
LaTeX Font Info:    Overwriting math alphabet `\mathfrak' in version `bold'
(Font)                  U/euf/m/n --> U/euf/b/n on input line 106.
))
(c:/texlive/2024/texmf-dist/tex/latex/amscls/amsthm.sty
Package: amsthm 2020/05/29 v2.20.6
\thm@style=\toks26
\thm@bodyfont=\toks27
\thm@headfont=\toks28
\thm@notefont=\toks29
\thm@headpunct=\toks30
\thm@preskip=\skip53
\thm@postskip=\skip54
\thm@headsep=\skip55
\dth@everypar=\toks31
)
(c:/texlive/2024/texmf-dist/tex/latex/tools/bm.sty
Package: bm 2023/07/08 v1.2f Bold Symbol Support (DPC/FMi)
\symboldoperators=\mathgroup6
\symboldletters=\mathgroup7
\symboldsymbols=\mathgroup8
Package bm Info: No bold for \OMX/lmex/m/n, using \pmb.
Package bm Info: No bold for \U/msa/m/n, using \pmb.
Package bm Info: No bold for \U/msb/m/n, using \pmb.
LaTeX Font Info:    Redeclaring math alphabet \mathbf on input line 149.
)
(c:/texlive/2024/texmf-dist/tex/latex/mathtools/mathtools.sty
Package: mathtools 2024/03/11 v1.30 mathematical typesetting tools

(c:/texlive/2024/texmf-dist/tex/latex/tools/calc.sty
Package: calc 2023/07/08 v4.3 Infix arithmetic (KKT,FJ)
\calc@Acount=\count278
\calc@Bcount=\count279
\calc@Adimen=\dimen158
\calc@Bdimen=\dimen159
\calc@Askip=\skip56
\calc@Bskip=\skip57
LaTeX Info: Redefining \setlength on input line 80.
LaTeX Info: Redefining \addtolength on input line 81.
\calc@Ccount=\count280
\calc@Cskip=\skip58
)
(c:/texlive/2024/texmf-dist/tex/latex/mathtools/mhsetup.sty
Package: mhsetup 2021/03/18 v1.4 programming setup (MH)
)
\g_MT_multlinerow_int=\count281
\l_MT_multwidth_dim=\dimen160
\origjot=\skip59
\l_MT_shortvdotswithinadjustabove_dim=\dimen161
\l_MT_shortvdotswithinadjustbelow_dim=\dimen162
\l_MT_above_intertext_sep=\dimen163
\l_MT_below_intertext_sep=\dimen164
\l_MT_above_shortintertext_sep=\dimen165
\l_MT_below_shortintertext_sep=\dimen166
\xmathstrut@box=\box53
\xmathstrut@dim=\dimen167
)
(c:/texlive/2024/texmf-dist/tex/latex/tools/array.sty
Package: array 2023/10/16 v2.5g Tabular extension package (FMi)
\col@sep=\dimen168
\ar@mcellbox=\box54
\extrarowheight=\dimen169
\NC@list=\toks32
\extratabsurround=\skip60
\backup@length=\skip61
\ar@cellbox=\box55
)
(c:/texlive/2024/texmf-dist/tex/latex/graphics/graphicx.sty
Package: graphicx 2021/09/16 v1.2d Enhanced LaTeX Graphics (DPC,SPQR)

(c:/texlive/2024/texmf-dist/tex/latex/graphics/graphics.sty
Package: graphics 2022/03/10 v1.4e Standard LaTeX Graphics (DPC,SPQR)

(c:/texlive/2024/texmf-dist/tex/latex/graphics/trig.sty
Package: trig 2021/08/11 v1.11 sin cos tan (DPC)
)
(c:/texlive/2024/texmf-dist/tex/latex/graphics-cfg/graphics.cfg
File: graphics.cfg 2016/06/04 v1.11 sample graphics configuration
)
Package graphics Info: Driver file: pdftex.def on input line 107.

(c:/texlive/2024/texmf-dist/tex/latex/graphics-def/pdftex.def
File: pdftex.def 2022/09/22 v1.2b Graphics/color driver for pdftex
))
\Gin@req@height=\dimen170
\Gin@req@width=\dimen171
)
(c:/texlive/2024/texmf-dist/tex/latex/float/float.sty
Package: float 2001/11/08 v1.3d Float enhancements (AL)
\c@float@type=\count282
\float@exts=\toks33
\float@box=\box56
\@float@everytoks=\toks34
\@floatcapt=\box57
)
(c:/texlive/2024/texmf-dist/tex/latex/booktabs/booktabs.sty
Package: booktabs 2020/01/12 v1.61803398 Publication quality tables
\heavyrulewidth=\dimen172
\lightrulewidth=\dimen173
\cmidrulewidth=\dimen174
\belowrulesep=\dimen175
\belowbottomsep=\dimen176
\aboverulesep=\dimen177
\abovetopsep=\dimen178
\cmidrulesep=\dimen179
\cmidrulekern=\dimen180
\defaultaddspace=\dimen181
\@cmidla=\count283
\@cmidlb=\count284
\@aboverulesep=\dimen182
\@belowrulesep=\dimen183
\@thisruleclass=\count285
\@lastruleclass=\count286
\@thisrulewidth=\dimen184
)
(c:/texlive/2024/texmf-dist/tex/latex/tools/longtable.sty
Package: longtable 2023-11-01 v4.19 Multi-page Table package (DPC)
\LTleft=\skip62
\LTright=\skip63
\LTpre=\skip64
\LTpost=\skip65
\LTchunksize=\count287
\LTcapwidth=\dimen185
\LT@head=\box58
\LT@firsthead=\box59
\LT@foot=\box60
\LT@lastfoot=\box61
\LT@gbox=\box62
\LT@cols=\count288
\LT@rows=\count289
\c@LT@tables=\count290
\c@LT@chunks=\count291
\LT@p@ftn=\toks35
)
(c:/texlive/2024/texmf-dist/tex/latex/caption/caption.sty
Package: caption 2023/08/05 v3.6o Customizing captions (AR)

(c:/texlive/2024/texmf-dist/tex/latex/caption/caption3.sty
Package: caption3 2023/07/31 v2.4d caption3 kernel (AR)
\caption@tempdima=\dimen186
\captionmargin=\dimen187
\caption@leftmargin=\dimen188
\caption@rightmargin=\dimen189
\caption@width=\dimen190
\caption@indent=\dimen191
\caption@parindent=\dimen192
\caption@hangindent=\dimen193
Package caption Info: Standard document class detected.
)
\c@caption@flags=\count292
\c@continuedfloat=\count293
Package caption Info: float package is loaded.
Package caption Info: longtable package is loaded.

(c:/texlive/2024/texmf-dist/tex/latex/caption/ltcaption.sty
Package: ltcaption 2021/01/08 v1.4c longtable captions (AR)
))
(c:/texlive/2024/texmf-dist/tex/latex/caption/subcaption.sty
Package: subcaption 2023/07/28 v1.6b Sub-captions (AR)
Package caption Info: New subtype `subfigure' on input line 238.
\c@subfigure=\count294
Package caption Info: New subtype `subtable' on input line 238.
\c@subtable=\count295
)
(c:/texlive/2024/texmf-dist/tex/latex/algorithms/algorithm.sty
Package: algorithm 2009/08/24 v0.1 Document Style `algorithm' - floating enviro
nment

(c:/texlive/2024/texmf-dist/tex/latex/base/ifthen.sty
Package: ifthen 2022/04/13 v1.1d Standard LaTeX ifthen package (DPC)
)
\@float@every@algorithm=\toks36
\c@algorithm=\count296
)
(c:/texlive/2024/texmf-dist/tex/latex/algorithmicx/algpseudocode.sty
Package: algpseudocode 

(c:/texlive/2024/texmf-dist/tex/latex/algorithmicx/algorithmicx.sty
Package: algorithmicx 2005/04/27 v1.2 Algorithmicx

Document Style algorithmicx 1.2 - a greatly improved `algorithmic' style
\c@ALG@line=\count297
\c@ALG@rem=\count298
\c@ALG@nested=\count299
\ALG@tlm=\skip66
\ALG@thistlm=\skip67
\c@ALG@Lnr=\count300
\c@ALG@blocknr=\count301
\c@ALG@storecount=\count302
\c@ALG@tmpcounter=\count303
\ALG@tmplength=\skip68
)
Document Style - pseudocode environments for use with the `algorithmicx' style
) (c:/texlive/2024/texmf-dist/tex/latex/enumitem/enumitem.sty
Package: enumitem 2019/06/20 v3.9 Customized lists
\labelindent=\skip69
\enit@outerparindent=\dimen194
\enit@toks=\toks37
\enit@inbox=\box63
\enit@count@id=\count304
\enitdp@description=\count305
)
(c:/texlive/2024/texmf-dist/tex/latex/microtype/microtype.sty
Package: microtype 2023/03/13 v3.1a Micro-typographical refinements (RS)

(c:/texlive/2024/texmf-dist/tex/latex/etoolbox/etoolbox.sty
Package: etoolbox 2020/10/05 v2.5k e-TeX tools for LaTeX (JAW)
\etb@tempcnta=\count306
)
\MT@toks=\toks38
\MT@tempbox=\box64
\MT@count=\count307
LaTeX Info: Redefining \noprotrusionifhmode on input line 1059.
LaTeX Info: Redefining \leftprotrusion on input line 1060.
\MT@prot@toks=\toks39
LaTeX Info: Redefining \rightprotrusion on input line 1078.
LaTeX Info: Redefining \textls on input line 1368.
\MT@outer@kern=\dimen195
LaTeX Info: Redefining \textmicrotypecontext on input line 1988.
\MT@listname@count=\count308

(c:/texlive/2024/texmf-dist/tex/latex/microtype/microtype-pdftex.def
File: microtype-pdftex.def 2023/03/13 v3.1a Definitions specific to pdftex (RS)

LaTeX Info: Redefining \lsstyle on input line 902.
LaTeX Info: Redefining \lslig on input line 902.
\MT@outer@space=\skip70
)
Package microtype Info: Loading configuration file microtype.cfg.

(c:/texlive/2024/texmf-dist/tex/latex/microtype/microtype.cfg
File: microtype.cfg 2023/03/13 v3.1a microtype main configuration file (RS)
))
(c:/texlive/2024/texmf-dist/tex/latex/hyperref/hyperref.sty
Package: hyperref 2024-01-20 v7.01h Hypertext links for LaTeX

(c:/texlive/2024/texmf-dist/tex/latex/kvsetkeys/kvsetkeys.sty
Package: kvsetkeys 2022-10-05 v1.19 Key value parser (HO)
)
(c:/texlive/2024/texmf-dist/tex/generic/kvdefinekeys/kvdefinekeys.sty
Package: kvdefinekeys 2019-12-19 v1.6 Define keys (HO)
)
(c:/texlive/2024/texmf-dist/tex/generic/pdfescape/pdfescape.sty
Package: pdfescape 2019/12/09 v1.15 Implements pdfTeX's escape features (HO)

(c:/texlive/2024/texmf-dist/tex/generic/ltxcmds/ltxcmds.sty
Package: ltxcmds 2023-12-04 v1.26 LaTeX kernel commands for general use (HO)
)
(c:/texlive/2024/texmf-dist/tex/generic/pdftexcmds/pdftexcmds.sty
Package: pdftexcmds 2020-06-27 v0.33 Utility functions of pdfTeX for LuaTeX (HO
)

(c:/texlive/2024/texmf-dist/tex/generic/infwarerr/infwarerr.sty
Package: infwarerr 2019/12/03 v1.5 Providing info/warning/error messages (HO)
)
Package pdftexcmds Info: \pdf@primitive is available.
Package pdftexcmds Info: \pdf@ifprimitive is available.
Package pdftexcmds Info: \pdfdraftmode found.
))
(c:/texlive/2024/texmf-dist/tex/latex/hycolor/hycolor.sty
Package: hycolor 2020-01-27 v1.10 Color options for hyperref/bookmark (HO)
)
(c:/texlive/2024/texmf-dist/tex/latex/auxhook/auxhook.sty
Package: auxhook 2019-12-17 v1.6 Hooks for auxiliary files (HO)
)
(c:/texlive/2024/texmf-dist/tex/latex/hyperref/nameref.sty
Package: nameref 2023-11-26 v2.56 Cross-referencing by name of section

(c:/texlive/2024/texmf-dist/tex/latex/refcount/refcount.sty
Package: refcount 2019/12/15 v3.6 Data extraction from label references (HO)
)
(c:/texlive/2024/texmf-dist/tex/generic/gettitlestring/gettitlestring.sty
Package: gettitlestring 2019/12/15 v1.6 Cleanup title references (HO)

(c:/texlive/2024/texmf-dist/tex/latex/kvoptions/kvoptions.sty
Package: kvoptions 2022-06-15 v3.15 Key value format for package options (HO)
))
\c@section@level=\count309
)
\@linkdim=\dimen196
\Hy@linkcounter=\count310
\Hy@pagecounter=\count311

(c:/texlive/2024/texmf-dist/tex/latex/hyperref/pd1enc.def
File: pd1enc.def 2024-01-20 v7.01h Hyperref: PDFDocEncoding definition (HO)
Now handling font encoding PD1 ...
... no UTF-8 mapping file for font encoding PD1
)
(c:/texlive/2024/texmf-dist/tex/generic/intcalc/intcalc.sty
Package: intcalc 2019/12/15 v1.3 Expandable calculations with integers (HO)
)
\Hy@SavedSpaceFactor=\count312

(c:/texlive/2024/texmf-dist/tex/latex/hyperref/puenc.def
File: puenc.def 2024-01-20 v7.01h Hyperref: PDF Unicode definition (HO)
Now handling font encoding PU ...
... no UTF-8 mapping file for font encoding PU
)
Package hyperref Info: Hyper figures OFF on input line 4179.
Package hyperref Info: Link nesting OFF on input line 4184.
Package hyperref Info: Hyper index ON on input line 4187.
Package hyperref Info: Plain pages OFF on input line 4194.
Package hyperref Info: Backreferencing OFF on input line 4199.
Package hyperref Info: Implicit mode ON; LaTeX internals redefined.
Package hyperref Info: Bookmarks ON on input line 4446.
\c@Hy@tempcnt=\count313

(c:/texlive/2024/texmf-dist/tex/latex/url/url.sty
\Urlmuskip=\muskip17
Package: url 2013/09/16  ver 3.4  Verb mode for urls, etc.
)
LaTeX Info: Redefining \url on input line 4784.
\XeTeXLinkMargin=\dimen197

(c:/texlive/2024/texmf-dist/tex/generic/bitset/bitset.sty
Package: bitset 2019/12/09 v1.3 Handle bit-vector datatype (HO)

(c:/texlive/2024/texmf-dist/tex/generic/bigintcalc/bigintcalc.sty
Package: bigintcalc 2019/12/15 v1.5 Expandable calculations on big integers (HO
)
))
\Fld@menulength=\count314
\Field@Width=\dimen198
\Fld@charsize=\dimen199
Package hyperref Info: Hyper figures OFF on input line 6063.
Package hyperref Info: Link nesting OFF on input line 6068.
Package hyperref Info: Hyper index ON on input line 6071.
Package hyperref Info: backreferencing OFF on input line 6078.
Package hyperref Info: Link coloring OFF on input line 6083.
Package hyperref Info: Link coloring with OCG OFF on input line 6088.
Package hyperref Info: PDF/A mode OFF on input line 6093.

(c:/texlive/2024/texmf-dist/tex/latex/base/atbegshi-ltx.sty
Package: atbegshi-ltx 2021/01/10 v1.0c Emulation of the original atbegshi
package with kernel methods
)
\Hy@abspage=\count315
\c@Item=\count316
\c@Hfootnote=\count317
)
Package hyperref Info: Driver (autodetected): hpdftex.

(c:/texlive/2024/texmf-dist/tex/latex/hyperref/hpdftex.def
File: hpdftex.def 2024-01-20 v7.01h Hyperref driver for pdfTeX

(c:/texlive/2024/texmf-dist/tex/latex/base/atveryend-ltx.sty
Package: atveryend-ltx 2020/08/19 v1.0a Emulation of the original atveryend pac
kage
with kernel methods
)
\Fld@listcount=\count318
\c@bookmark@seq@number=\count319

(c:/texlive/2024/texmf-dist/tex/latex/rerunfilecheck/rerunfilecheck.sty
Package: rerunfilecheck 2022-07-10 v1.10 Rerun checks for auxiliary files (HO)

(c:/texlive/2024/texmf-dist/tex/generic/uniquecounter/uniquecounter.sty
Package: uniquecounter 2019/12/15 v1.4 Provide unlimited unique counter (HO)
)
Package uniquecounter Info: New unique counter `rerunfilecheck' on input line 2
85.
)
\Hy@SectionHShift=\skip71
)
(c:/texlive/2024/texmf-dist/tex/latex/cleveref/cleveref.sty
Package: cleveref 2018/03/27 v0.21.4 Intelligent cross-referencing
Package cleveref Info: `hyperref' support loaded on input line 2370.
LaTeX Info: Redefining \cref on input line 2370.
LaTeX Info: Redefining \Cref on input line 2370.
LaTeX Info: Redefining \crefrange on input line 2370.
LaTeX Info: Redefining \Crefrange on input line 2370.
LaTeX Info: Redefining \cpageref on input line 2370.
LaTeX Info: Redefining \Cpageref on input line 2370.
LaTeX Info: Redefining \cpagerefrange on input line 2370.
LaTeX Info: Redefining \Cpagerefrange on input line 2370.
LaTeX Info: Redefining \labelcref on input line 2370.
LaTeX Info: Redefining \labelcpageref on input line 2370.
Package cleveref Info: `amsthm' support loaded on input line 3026.
Package cleveref Info: `algorithmicx' support loaded on input line 3120.
Package cleveref Info: include cross-reference names in hyperlinks on input lin
e 7836.
Package cleveref Info: include cross-reference names in hyperlinks on input lin
e 7852.
Package cleveref Info: no abbreviation of names on input line 7852.
)
\c@definition=\count320
\c@theorem=\count321
\c@lemma=\count322
\c@corollary=\count323
\c@proposition=\count324
\c@remark=\count325
\c@assumption=\count326
LaTeX Font Info:    Trying to load font information for T1+lmr on input line 63
.

(c:/texlive/2024/texmf-dist/tex/latex/lm/t1lmr.fd
File: t1lmr.fd 2015/05/01 v1.6.1 Font defs for Latin Modern
)
(c:/texlive/2024/texmf-dist/tex/latex/l3backend/l3backend-pdftex.def
File: l3backend-pdftex.def 2024-02-20 L3 backend support: PDF output (pdfTeX)
\l__color_backend_stack_int=\count327
\l__pdf_internal_box=\box65
)
(./Ghafarian_Ch3_4_English_complete.aux)
\openout1 = `Ghafarian_Ch3_4_English_complete.aux'.

LaTeX Font Info:    Checking defaults for OML/cmm/m/it on input line 63.
LaTeX Font Info:    ... okay on input line 63.
LaTeX Font Info:    Checking defaults for OMS/cmsy/m/n on input line 63.
LaTeX Font Info:    ... okay on input line 63.
LaTeX Font Info:    Checking defaults for OT1/cmr/m/n on input line 63.
LaTeX Font Info:    ... okay on input line 63.
LaTeX Font Info:    Checking defaults for T1/cmr/m/n on input line 63.
LaTeX Font Info:    ... okay on input line 63.
LaTeX Font Info:    Checking defaults for TS1/cmr/m/n on input line 63.
LaTeX Font Info:    ... okay on input line 63.
LaTeX Font Info:    Checking defaults for OMX/cmex/m/n on input line 63.
LaTeX Font Info:    ... okay on input line 63.
LaTeX Font Info:    Checking defaults for U/cmr/m/n on input line 63.
LaTeX Font Info:    ... okay on input line 63.
LaTeX Font Info:    Checking defaults for PD1/pdf/m/n on input line 63.
LaTeX Font Info:    ... okay on input line 63.
LaTeX Font Info:    Checking defaults for PU/pdf/m/n on input line 63.
LaTeX Font Info:    ... okay on input line 63.

*geometry* driver: auto-detecting
*geometry* detected driver: pdftex
*geometry* verbose mode - [ preamble ] result:
* driver: pdftex
* paper: a4paper
* layout: <same size as paper>
* layoutoffset:(h,v)=(0.0pt,0.0pt)
* modes: 
* h-part:(L,W,R)=(72.26999pt, 452.9679pt, 72.26999pt)
* v-part:(T,H,B)=(72.26999pt, 700.50687pt, 72.26999pt)
* \paperwidth=597.50787pt
* \paperheight=845.04684pt
* \textwidth=452.9679pt
* \textheight=700.50687pt
* \oddsidemargin=0.0pt
* \evensidemargin=0.0pt
* \topmargin=-37.0pt
* \headheight=12.0pt
* \headsep=25.0pt
* \topskip=12.0pt
* \footskip=30.0pt
* \marginparwidth=35.0pt
* \marginparsep=10.0pt
* \columnsep=10.0pt
* \skip\footins=10.8pt plus 4.0pt minus 2.0pt
* \hoffset=0.0pt
* \voffset=0.0pt
* \mag=1000
* \@twocolumnfalse
* \@twosidefalse
* \@mparswitchfalse
* \@reversemarginfalse
* (1in=72.27pt=25.4mm, 1cm=28.453pt)

(c:/texlive/2024/texmf-dist/tex/context/base/mkii/supp-pdf.mkii
[Loading MPS to PDF converter (version 2006.09.02).]
\scratchcounter=\count328
\scratchdimen=\dimen256
\scratchbox=\box66
\nofMPsegments=\count329
\nofMParguments=\count330
\everyMPshowfont=\toks40
\MPscratchCnt=\count331
\MPscratchDim=\dimen257
\MPnumerator=\count332
\makeMPintoPDFobject=\count333
\everyMPtoPDFconversion=\toks41
) (c:/texlive/2024/texmf-dist/tex/latex/epstopdf-pkg/epstopdf-base.sty
Package: epstopdf-base 2020-01-24 v2.11 Base part for package epstopdf

(c:/texlive/2024/texmf-dist/tex/latex/grfext/grfext.sty
Package: grfext 2019/12/03 v1.3 Manage graphics extensions (HO)
)
Package epstopdf-base Info: Redefining graphics rule for `.eps' on input line 4
85.
Package grfext Info: Graphics extension search list:
(grfext)             [.pdf,.png,.jpg,.mps,.jpeg,.jbig2,.jb2,.PDF,.PNG,.JPG,.JPE
G,.JBIG2,.JB2,.eps]
(grfext)             \AppendGraphicsExtensions on input line 504.

(c:/texlive/2024/texmf-dist/tex/latex/latexconfig/epstopdf-sys.cfg
File: epstopdf-sys.cfg 2010/07/13 v1.3 Configuration of (r)epstopdf for TeX Liv
e
))
Package caption Info: Begin \AtBeginDocument code.
Package caption Info: hyperref package is loaded.
Package caption Info: End \AtBeginDocument code.
LaTeX Info: Redefining \microtypecontext on input line 63.
Package microtype Info: Applying patch `item' on input line 63.
Package microtype Info: Applying patch `toc' on input line 63.
Package microtype Info: Applying patch `eqnum' on input line 63.
Package microtype Info: Applying patch `footnote' on input line 63.
Package microtype Info: Applying patch `verbatim' on input line 63.
Package microtype Info: Generating PDF output.
Package microtype Info: Character protrusion enabled (level 2).
Package microtype Info: Using default protrusion set `alltext'.
Package microtype Info: Automatic font expansion enabled (level 2),
(microtype)             stretch: 20, shrink: 20, step: 1, non-selected.
Package microtype Info: Using default expansion set `alltext-nott'.
LaTeX Info: Redefining \showhyphens on input line 63.
Package microtype Info: No adjustment of tracking.
Package microtype Info: No adjustment of interword spacing.
Package microtype Info: No adjustment of character kerning.

(c:/texlive/2024/texmf-dist/tex/latex/microtype/mt-cmr.cfg
File: mt-cmr.cfg 2013/05/19 v2.2 microtype config. file: Computer Modern Roman 
(RS)
)
Package hyperref Info: Link coloring OFF on input line 63.

(./Ghafarian_Ch3_4_English_complete.out)
(./Ghafarian_Ch3_4_English_complete.out)
\@outlinefile=\write3
\openout3 = `Ghafarian_Ch3_4_English_complete.out'.

LaTeX Font Info:    Trying to load font information for OT1+lmr on input line 6
5.

(c:/texlive/2024/texmf-dist/tex/latex/lm/ot1lmr.fd
File: ot1lmr.fd 2015/05/01 v1.6.1 Font defs for Latin Modern
)
LaTeX Font Info:    Trying to load font information for OML+lmm on input line 6
5.

(c:/texlive/2024/texmf-dist/tex/latex/lm/omllmm.fd
File: omllmm.fd 2015/05/01 v1.6.1 Font defs for Latin Modern
)
LaTeX Font Info:    Trying to load font information for OMS+lmsy on input line 
65.

(c:/texlive/2024/texmf-dist/tex/latex/lm/omslmsy.fd
File: omslmsy.fd 2015/05/01 v1.6.1 Font defs for Latin Modern
)
LaTeX Font Info:    Trying to load font information for OMX+lmex on input line 
65.

(c:/texlive/2024/texmf-dist/tex/latex/lm/omxlmex.fd
File: omxlmex.fd 2015/05/01 v1.6.1 Font defs for Latin Modern
)
LaTeX Font Info:    External font `lmex10' loaded for size
(Font)              <14.4> on input line 65.
LaTeX Font Info:    External font `lmex10' loaded for size
(Font)              <10> on input line 65.
LaTeX Font Info:    External font `lmex10' loaded for size
(Font)              <7> on input line 65.
LaTeX Font Info:    Trying to load font information for U+msa on input line 65.


(c:/texlive/2024/texmf-dist/tex/latex/amsfonts/umsa.fd
File: umsa.fd 2013/01/14 v3.01 AMS symbols A
)
(c:/texlive/2024/texmf-dist/tex/latex/microtype/mt-msa.cfg
File: mt-msa.cfg 2006/02/04 v1.1 microtype config. file: AMS symbols (a) (RS)
)
LaTeX Font Info:    Trying to load font information for U+msb on input line 65.


(c:/texlive/2024/texmf-dist/tex/latex/amsfonts/umsb.fd
File: umsb.fd 2013/01/14 v3.01 AMS symbols B
)
(c:/texlive/2024/texmf-dist/tex/latex/microtype/mt-msb.cfg
File: mt-msb.cfg 2005/06/01 v1.0 microtype config. file: AMS symbols (b) (RS)
) [1

{c:/texlive/2024/texmf-var/fonts/map/pdftex/updmap/pdftex.map}{c:/texlive/2024/
texmf-dist/fonts/enc/dvips/lm/lm-ec.enc}] (./Ghafarian_Ch3_4_English_complete.t
oc
LaTeX Font Info:    External font `lmex10' loaded for size
(Font)              <12> on input line 3.
LaTeX Font Info:    External font `lmex10' loaded for size
(Font)              <8> on input line 3.
LaTeX Font Info:    External font `lmex10' loaded for size
(Font)              <6> on input line 3.
)
\tf@toc=\write4
\openout4 = `Ghafarian_Ch3_4_English_complete.toc'.


pdfTeX warning (ext4): destination with the same identifier (name{page.1}) has 
been already used, duplicate ignored
<to be read again> 
                   \relax 
l.67 \chapter
             *{Source Figure Note} [1

]
LaTeX Font Info:    Trying to load font information for T1+lmtt on input line 6
9.

(c:/texlive/2024/texmf-dist/tex/latex/lm/t1lmtt.fd
File: t1lmtt.fd 2015/05/01 v1.6.1 Font defs for Latin Modern
)
Package microtype Info: Loading generic protrusion settings for font family
(microtype)             `lmtt' (encoding: T1).
(microtype)             For optimal results, create family-specific settings.
(microtype)             See the microtype manual for details.

(./Chapter_3_4_English_patched_body.tex [2

]
Chapter 1.

Package hyperref Warning: Difference (2) between bookmark levels is greater 
(hyperref)                than one, level fixed on input line 6.


Package hyperref Warning: Difference (2) between bookmark levels is greater 
(hyperref)                than one, level fixed on input line 11.

[3

{c:/texlive/2024/texmf-dist/fonts/enc/dvips/lm/lm-mathit.enc}{c:/texlive/2024/t
exmf-dist/fonts/enc/dvips/lm/lm-rm.enc}{c:/texlive/2024/texmf-dist/fonts/enc/dv
ips/lm/lm-mathsy.enc}{c:/texlive/2024/texmf-dist/fonts/enc/dvips/lm/lm-mathex.e
nc}]

LaTeX Warning: Citation `zhang2000training' on page 4 undefined on input line 5
3.


LaTeX Warning: Citation `cohen2004red' on page 4 undefined on input line 53.

[4]

LaTeX Warning: Citation `xu2007regularization' on page 5 undefined on input lin
e 71.


LaTeX Warning: Citation `xu2007regularization' on page 5 undefined on input lin
e 71.


LaTeX Warning: Citation `belkin2006manifold' on page 5 undefined on input line 
71.

[5]

LaTeX Warning: Citation `herbster1998learning' on page 6 undefined on input lin
e 148.

[6]

LaTeX Warning: Citation `cortes2016learning' on page 7 undefined on input line 
150.


LaTeX Warning: Citation `karimi2016statistical' on page 7 undefined on input li
ne 150.


LaTeX Warning: Citation `cortes2016learning' on page 7 undefined on input line 
152.


LaTeX Warning: Citation `herbster1998learning' on page 7 undefined on input lin
e 152.

<figures/fig3_1a.png, id=233, 381.425pt x 315.1775pt>
File: figures/fig3_1a.png Graphic file (type png)
<use figures/fig3_1a.png>
Package pdftex.def Info: figures/fig3_1a.png  used on input line 161.
(pdftex.def)             Requested size: 203.83417pt x 168.42833pt.
<figures/fig3_1b.png, id=234, 385.44pt x 315.1775pt>
File: figures/fig3_1b.png Graphic file (type png)
<use figures/fig3_1b.png>
Package pdftex.def Info: figures/fig3_1b.png  used on input line 162.
(pdftex.def)             Requested size: 203.83417pt x 166.67296pt.
<figures/fig3_1c.png, id=235, 381.425pt x 325.215pt>
File: figures/fig3_1c.png Graphic file (type png)
<use figures/fig3_1c.png>
Package pdftex.def Info: figures/fig3_1c.png  used on input line 163.
(pdftex.def)             Requested size: 203.83417pt x 173.79228pt.
<figures/fig3_1d.png, id=236, 385.44pt x 325.215pt>
File: figures/fig3_1d.png Graphic file (type png)
<use figures/fig3_1d.png>
Package pdftex.def Info: figures/fig3_1d.png  used on input line 164.
(pdftex.def)             Requested size: 203.83417pt x 171.98102pt.
[7]
Overfull \hbox (16.82924pt too wide) detected at line 174
[][][][]\OT1/lmr/m/n/12 (\OML/lmm/m/it/12 w; w[]\OT1/lmr/m/n/12 ) = [](1 \OMS/l
msy/m/n/12 ^^@ \OML/lmm/m/it/12 q[]\OT1/lmr/m/n/12 )(1 \OMS/lmsy/m/n/12 ^^@ \OM
L/lmm/m/it/12 y[]w[] \OT1/lmr/m/n/12 (\OML/lmm/m/it/12 x[]\OT1/lmr/m/n/12 ))[](
1 \OMS/lmsy/m/n/12 ^^@ \OML/lmm/m/it/12 y[]w[]^^^\OT1/lmr/m/n/12 (\OML/lmm/m/it
/12 x[]\OT1/lmr/m/n/12 ))[] + [] \OML/lmm/m/it/12 q[]\OMS/lmsy/m/n/12 j\OML/lmm
/m/it/12 w[]^^^\OT1/lmr/m/n/12 (\OML/lmm/m/it/12 x[]\OT1/lmr/m/n/12 )\OMS/lmsy/
m/n/12 j \OT1/lmr/m/n/12 + []\OMS/lmsy/m/n/12 k\OML/lmm/m/it/12 w\OMS/lmsy/m/n/
12 k[] \OT1/lmr/m/n/12 + []\OMS/lmsy/m/n/12 k\OML/lmm/m/it/12 w[]\OMS/lmsy/m/n/
12 k[]\OML/lmm/m/it/12 :
 []

[8 <./figures/fig3_1a.png (PNG copy)> <./figures/fig3_1b.png (PNG copy)> <./fig
ures/fig3_1c.png (PNG copy)> <./figures/fig3_1d.png (PNG copy)>]

LaTeX Warning: Citation `karimi2016statistical' on page 9 undefined on input li
ne 212.

[9] [10] [11]

LaTeX Warning: Citation `parikh2014proximal' on page 12 undefined on input line
 364.


Overfull \hbox (109.78125pt too wide) detected at line 389
[][][][][]\OT1/lmr/m/n/12 (\OML/lmm/m/it/12 v\OT1/lmr/m/n/12 ) = [] [] = [] [] 
\OML/lmm/m/it/12 :
 []

[12]

LaTeX Warning: Citation `parikh2014proximal' on page 13 undefined on input line
 397.


LaTeX Warning: Citation `vapnik2015learning' on page 13 undefined on input line
 422.


LaTeX Warning: Citation `vapnik2015learning' on page 13 undefined on input line
 424.

[13]

LaTeX Warning: Citation `vapnik2015learning' on page 14 undefined on input line
 426.


LaTeX Warning: Citation `vapnik2015learning' on page 14 undefined on input line
 428.


LaTeX Warning: Citation `pekovic2013support' on page 14 undefined on input line
 439.


LaTeX Warning: Citation `vapnik2015learning' on page 14 undefined on input line
 443.


LaTeX Warning: Citation `lapedriza2013privileged' on page 14 undefined on input
 line 452.


LaTeX Warning: Citation `hinton2015distilling' on page 14 undefined on input li
ne 452.


LaTeX Warning: Citation `muandet2012domain' on page 14 undefined on input line 
454.

[14]

LaTeX Warning: Citation `smola2007hilbert' on page 15 undefined on input line 4
66.


LaTeX Warning: Citation `louizos2015learning' on page 15 undefined on input lin
e 480.

[15]

LaTeX Warning: Citation `vapnik2015learning' on page 16 undefined on input line
 520.


Overfull \hbox (19.83582pt too wide) detected at line 523
[]
 []

[16] [17]
Overfull \hbox (91.81769pt too wide) detected at line 613
[]
 []

[18]
Overfull \hbox (7.08923pt too wide) detected at line 623
[]
 []

[19]

LaTeX Warning: Reference `subsec:ral-dist-simple' on page 20 undefined on input
 line 687.

[20]

LaTeX Warning: Citation `tsybakov2004introduction' on page 21 undefined on inpu
t line 723.


LaTeX Warning: Citation `audibert2007fast' on page 21 undefined on input line 7
23.


LaTeX Warning: Citation `baxter2001direct' on page 21 undefined on input line 7
23.

[21]

LaTeX Warning: Reference `assump:tsybakov' on page 22 undefined on input line 7
33.


LaTeX Warning: Reference `assump:tsybakov' on page 22 undefined on input line 7
48.

[22] [23]

LaTeX Warning: Reference `lem:unlabeled-benefit' on page 24 undefined on input 
line 825.

[24]

LaTeX Warning: Reference `lem:unlabeled-benefit' on page 25 undefined on input 
line 868.


Overfull \hbox (30.18576pt too wide) detected at line 872
[]
 []

[25]

LaTeX Warning: Citation `mackay1992information' on page 26 undefined on input l
ine 912.


LaTeX Warning: Citation `karimi2016statistical' on page 26 undefined on input l
ine 916.

[26]

LaTeX Warning: Citation `freund1997selective' on page 27 undefined on input lin
e 924.


LaTeX Warning: Citation `lewis1994heterogeneous' on page 27 undefined on input 
line 924.


LaTeX Warning: Citation `schohn2000active' on page 27 undefined on input line 9
24.


LaTeX Warning: Citation `tong2001support' on page 27 undefined on input line 92
4.

[27]

LaTeX Warning: Citation `friedman2001greedy' on page 28 undefined on input line
 930.


LaTeX Warning: Citation `friedman2001greedy' on page 28 undefined on input line
 932.


LaTeX Warning: Citation `haas2017active' on page 28 undefined on input line 932
.


LaTeX Warning: Citation `schapire1997boosting' on page 28 undefined on input li
ne 932.

<figures/fig3_5.png, id=594, 1214.5375pt x 471.7625pt>
File: figures/fig3_5.png Graphic file (type png)
<use figures/fig3_5.png>
Package pdftex.def Info: figures/fig3_5.png  used on input line 940.
(pdftex.def)             Requested size: 362.37569pt x 140.7524pt.
[28 <./figures/fig3_5.png (PNG copy)>] [29]
Package hyperref Info: bookmark level for unknown algorithm defaults to 0 on in
put line 982.
Package microtype Info: Character `029' is missing
(microtype)             in font `T1/lmr/m/sc/12'.
(microtype)             Ignoring protrusion settings for this character.
 [30]
Overfull \hbox (11.82939pt too wide) detected at line 1037
[]
 []

[31]

LaTeX Warning: Citation `buhlmann2003boosting' on page 32 undefined on input li
ne 1081.


LaTeX Warning: Citation `buhlmann2003boosting' on page 32 undefined on input li
ne 1087.


pdfTeX warning (ext4): destination with the same identifier (name{ALG@line.1}) 
has been already used, duplicate ignored
<to be read again> 
                   \relax 
l.1100 			\Procedure
                    {AL2BOOSTKernel}{$K, y_l$} \Comment{L2Boost Kernel Activ...

pdfTeX warning (ext4): destination with the same identifier (name{ALG@line.2}) 
has been already used, duplicate ignored
<to be read again> 
                   \relax 
l.1101 			\State
                 $\eta \leftarrow 1 / \lambda_{\max}(K)$, $n_l \leftarrow \t...

pdfTeX warning (ext4): destination with the same identifier (name{ALG@line.3}) 
has been already used, duplicate ignored
<to be read again> 
                   \relax 
l.1102 			\State
                 $M, R, L \leftarrow I$
pdfTeX warning (ext4): destination with the same identifier (name{ALG@line.4}) 
has been already used, duplicate ignored
<to be read again> 
                   \relax 
l.1103 			\State
                 $L \leftarrow (I - \eta K)$
pdfTeX warning (ext4): destination with the same identifier (name{ALG@line.5}) 
has been already used, duplicate ignored
<to be read again> 
                   \relax 
l.1104 			\For
              {$t = 1$ to $4 * n_l$} \Comment{Compute the matrix L}
pdfTeX warning (ext4): destination with the same identifier (name{ALG@line.6}) 
has been already used, duplicate ignored
<to be read again> 
                   \relax 
l.1105 			\State
                 $R \leftarrow R L$
pdfTeX warning (ext4): destination with the same identifier (name{ALG@line.7}) 
has been already used, duplicate ignored
<to be read again> 
                   \relax 
l.1106 			\State
                 $M \leftarrow M + R$
pdfTeX warning (ext4): destination with the same identifier (name{ALG@line.8}) 
has been already used, duplicate ignored
<to be read again> 
                   \relax 
l.1107 			\EndFor
                 
pdfTeX warning (ext4): destination with the same identifier (name{ALG@line.9}) 
has been already used, duplicate ignored
<to be read again> 
                   \relax 
l.1108 			\State
                 Compute $q = \argmin_{q} \max_{y_q} \min_{y_u} \mathbf{y}^T...

pdfTeX warning (ext4): destination with the same identifier (name{ALG@line.10})
 has been already used, duplicate ignored
<to be read again> 
                   \relax 
l.1109 			\State
                 \Return $q$ \Comment{Query instance $x_q$}
pdfTeX warning (ext4): destination with the same identifier (name{ALG@line.11})
 has been already used, duplicate ignored
<to be read again> 
                   \relax 
l.1110 			\EndProcedure
                       

LaTeX Warning: `!h' float specifier changed to `!ht'.

[32]

LaTeX Warning: Citation `borwein1997convex' on page 33 undefined on input line 
1122.


LaTeX Warning: Citation `borwein1997convex' on page 33 undefined on input line 
1124.


LaTeX Warning: Citation `friedman2001greedy' on page 33 undefined on input line
 1124.


LaTeX Warning: Citation `borwein1997convex' on page 33 undefined on input line 
1127.

[33]

LaTeX Warning: Citation `muandet2012domain' on page 34 undefined on input line 
1139.


LaTeX Warning: Citation `muandet2012domain' on page 34 undefined on input line 
1139.

[34]

LaTeX Warning: Citation `gilad2015active' on page 35 undefined on input line 11
49.


LaTeX Warning: Citation `lampert2009structured' on page 35 undefined on input l
ine 1151.


LaTeX Warning: Citation `sriperumbudur2009kernel' on page 35 undefined on input
 line 1151.


LaTeX Warning: Citation `nguyen2007kernel' on page 35 undefined on input line 1
153.


LaTeX Warning: Citation `flaxman2015fast' on page 35 undefined on input line 11
53.


LaTeX Warning: Citation `szabo2015learning' on page 35 undefined on input line 
1153.


LaTeX Warning: Citation `muandet2012domain' on page 35 undefined on input line 
1153.


LaTeX Warning: Citation `borgwardt2006integrating' on page 35 undefined on inpu
t line 1153.

[35]

LaTeX Warning: Citation `karimi2016statistical' on page 36 undefined on input l
ine 1161.


LaTeX Warning: Citation `xu2007regularization' on page 36 undefined on input li
ne 1161.


LaTeX Warning: Citation `xu2007regularization' on page 36 undefined on input li
ne 1161.


LaTeX Warning: Citation `smola2007hilbert' on page 36 undefined on input line 1
165.


LaTeX Warning: Citation `muandet2012domain' on page 36 undefined on input line 
1165.


LaTeX Warning: Citation `law2018gaussian' on page 36 undefined on input line 11
65.


LaTeX Warning: Citation `flaxman2015fast' on page 36 undefined on input line 11
67.

[36]
Overfull \hbox (65.74036pt too wide) in paragraph at lines 1179--1195
 [][] 
 []


LaTeX Warning: Reference `subsec:ral-dist-simple' on page 37 undefined on input
 line 1206.

[37]

LaTeX Warning: Citation `shun1995approximate' on page 38 undefined on input lin
e 1243.


LaTeX Warning: Citation `tierney1986accurate' on page 38 undefined on input lin
e 1243.


LaTeX Warning: Citation `wong2001laplace' on page 38 undefined on input line 12
43.

[38]

LaTeX Warning: Citation `wong2001laplace' on page 39 undefined on input line 12
90.


LaTeX Warning: Citation `shun1995approximate' on page 39 undefined on input lin
e 1290.


LaTeX Warning: Reference `eq:kl-integral' on page 39 undefined on input line 12
90.


LaTeX Warning: Citation `xu2007regularization' on page 39 undefined on input li
ne 1300.

[39] [40] [41] [42]

LaTeX Warning: Citation `golub2012matrix' on page 43 undefined on input line 14
49.

[43]

LaTeX Warning: Reference `eq:pmar-obj' on page 44 undefined on input line 1498.



LaTeX Warning: Citation `muandet2012domain' on page 44 undefined on input line 
1509.


LaTeX Warning: Citation `muandet2012domain' on page 44 undefined on input line 
1519.


LaTeX Warning: Citation `flaxman2015fast' on page 44 undefined on input line 15
19.


LaTeX Warning: Citation `flaxman2015fast' on page 44 undefined on input line 15
19.


LaTeX Warning: Citation `flaxman2015fast' on page 44 undefined on input line 15
23.

[44]

LaTeX Warning: Citation `flaxman2015fast' on page 45 undefined on input line 15
47.


LaTeX Warning: Citation `mackay1992information' on page 45 undefined on input l
ine 1549.

[45] [46]
Overfull \hbox (39.8884pt too wide) detected at line 1631
[][][]\OML/lmm/m/it/12 E[]\OT1/lmr/m/n/12 (\OML/lmm/m/it/12 i; j\OT1/lmr/m/n/12
 ) = \OML/lmm/m/it/12 ^^V[] [] ^^V[] \OT1/lmr/m/n/12 = \OML/lmm/m/it/12 K[]\OT1
/lmr/m/n/12 (\OML/lmm/m/it/12 i; j\OT1/lmr/m/n/12 ) \OMS/lmsy/m/n/12 ^^@ \OML/l
mm/m/it/12 ^^V[]R[]\OT1/lmr/m/n/12 (\OML/lmm/m/it/12 R[] \OT1/lmr/m/n/12 + (\OM
L/lmm/m/it/12 ^^Z[]=n[]\OT1/lmr/m/n/12 )\OML/lmm/m/it/12 I[]\OT1/lmr/m/n/12 )[]
\OML/lmm/m/it/12 R[]^^V[]:
 []

[47]
Chapter 2.
LaTeX Font Info:    Trying to load font information for TS1+lmr on input line 1
666.
(c:/texlive/2024/texmf-dist/tex/latex/lm/ts1lmr.fd
File: ts1lmr.fd 2015/05/01 v1.6.1 Font defs for Latin Modern
)

LaTeX Warning: Citation `scheffer2001active' on page 48 undefined on input line
 1668.


LaTeX Warning: Citation `zhu2003semi' on page 48 undefined on input line 1669.


LaTeX Warning: Citation `chang2011libsvm' on page 48 undefined on input line 16
73.


LaTeX Warning: Citation `guyon2004result' on page 48 undefined on input line 16
73.


LaTeX Warning: Citation `newman1998uci' on page 48 undefined on input line 1673
.


LaTeX Warning: Citation `asuncion2007uci' on page 48 undefined on input line 16
73.

[48

{c:/texlive/2024/texmf-dist/fonts/enc/dvips/lm/lm-ts1.enc}]

LaTeX Warning: Citation `chang2011libsvm' on page 49 undefined on input line 16
75.


LaTeX Warning: Citation `gretton2012kernel' on page 49 undefined on input line 
1675.


LaTeX Warning: Citation `hospedales2010finding' on page 49 undefined on input l
ine 1677.


LaTeX Warning: Citation `schapire1997boosting' on page 49 undefined on input li
ne 1684.


LaTeX Warning: Citation `buhlmann2003boosting' on page 49 undefined on input li
ne 1686.


LaTeX Warning: Citation `chang2011libsvm' on page 49 undefined on input line 16
86.

[49]

LaTeX Warning: Citation `wang2016active' on page 50 undefined on input line 169
1.


LaTeX Warning: Citation `bissoto2015active' on page 50 undefined on input line 
1692.


LaTeX Warning: Citation `huang2014active' on page 50 undefined on input line 17
00.


LaTeX Warning: Citation `zhu2003semi' on page 50 undefined on input line 1701.


LaTeX Warning: Citation `scheffer2001active' on page 50 undefined on input line
 1702.


LaTeX Warning: Citation `huang2014active' on page 50 undefined on input line 17
03.


LaTeX Warning: Citation `muandet2012domain' on page 50 undefined on input line 
1703.


LaTeX Warning: Citation `sriperumbudur2009kernel' on page 50 undefined on input
 line 1706.


LaTeX Warning: Citation `chang2011libsvm' on page 50 undefined on input line 17
06.

[50]

LaTeX Warning: Citation `sriperumbudur2009kernel' on page 51 undefined on input
 line 1708.


LaTeX Warning: Citation `sriperumbudur2009kernel' on page 51 undefined on input
 line 1719.


LaTeX Warning: Citation `sriperumbudur2009kernel' on page 51 undefined on input
 line 1721.


LaTeX Warning: Citation `sriperumbudur2009kernel' on page 51 undefined on input
 line 1721.

[51]

LaTeX Warning: Citation `mikolov2013distributed' on page 52 undefined on input 
line 1730.

[52]

LaTeX Warning: `!h' float specifier changed to `!ht'.


LaTeX Warning: `!h' float specifier changed to `!ht'.


LaTeX Warning: `!h' float specifier changed to `!ht'.


LaTeX Warning: `!h' float specifier changed to `!ht'.

[53] [54] [55]
<figures/fig4_1.png, id=919, 1230.5975pt x 1178.4025pt>
File: figures/fig4_1.png Graphic file (type png)
<use figures/fig4_1.png>
Package pdftex.def Info: figures/fig4_1.png  used on input line 1867.
(pdftex.def)             Requested size: 362.37569pt x 346.9964pt.
<figures/fig4_2.png, id=920, 1134.2375pt x 1248.665pt>
File: figures/fig4_2.png Graphic file (type png)
<use figures/fig4_2.png>
Package pdftex.def Info: figures/fig4_2.png  used on input line 1874.
(pdftex.def)             Requested size: 362.37569pt x 398.93317pt.
 [56

 <./figures/fig4_1.png (PNG copy)>]
<figures/fig4_3.png, id=926, 1264.725pt x 1403.2425pt>
File: figures/fig4_3.png Graphic file (type png)
<use figures/fig4_3.png>
Package pdftex.def Info: figures/fig4_3.png  used on input line 1881.
(pdftex.def)             Requested size: 362.37569pt x 402.04803pt.
 [57 <./figures/fig4_2.png (PNG copy)>]
<figures/fig4_4.png, id=932, 1164.35pt x 1224.575pt>
File: figures/fig4_4.png Graphic file (type png)
<use figures/fig4_4.png>
Package pdftex.def Info: figures/fig4_4.png  used on input line 1888.
(pdftex.def)             Requested size: 362.37569pt x 381.10916pt.
 [58 <./figures/fig4_3.png (PNG copy)>]
<figures/fig4_5.png, id=939, 1154.3125pt x 1224.575pt>
File: figures/fig4_5.png Graphic file (type png)
<use figures/fig4_5.png>
Package pdftex.def Info: figures/fig4_5.png  used on input line 1895.
(pdftex.def)             Requested size: 362.37569pt x 384.43518pt.
 [59 <./figures/fig4_4.png (PNG copy)>]
<figures/fig4_6.png, id=945, 863.225pt x 606.265pt>
File: figures/fig4_6.png Graphic file (type png)
<use figures/fig4_6.png>
Package pdftex.def Info: figures/fig4_6.png  used on input line 1902.
(pdftex.def)             Requested size: 362.37569pt x 254.50005pt.
 [60 <./figures/fig4_5.png (PNG copy)>]
<figures/fig4_7.png, id=952, 1230.5975pt x 1359.0775pt>
File: figures/fig4_7.png Graphic file (type png)
<use figures/fig4_7.png>
Package pdftex.def Info: figures/fig4_7.png  used on input line 1909.
(pdftex.def)             Requested size: 362.37569pt x 400.19856pt.
 [61 <./figures/fig4_6.png (PNG copy)>]
<figures/fig4_8.png, id=958, 1248.665pt x 1461.46pt>
File: figures/fig4_8.png Graphic file (type png)
<use figures/fig4_8.png>
Package pdftex.def Info: figures/fig4_8.png  used on input line 1916.
(pdftex.def)             Requested size: 362.37569pt x 424.12476pt.
 [62 <./figures/fig4_7.png (PNG copy)>]
<figures/fig4_9.png, id=964, 863.225pt x 873.2625pt>
File: figures/fig4_9.png Graphic file (type png)
<use figures/fig4_9.png>
Package pdftex.def Info: figures/fig4_9.png  used on input line 1923.
(pdftex.def)             Requested size: 362.37569pt x 366.58119pt.
 [63 <./figures/fig4_8.png (PNG copy)>]
<figures/fig4_10.png, id=970, 903.375pt x 889.3225pt>
File: figures/fig4_10.png Graphic file (type png)
<use figures/fig4_10.png>
Package pdftex.def Info: figures/fig4_10.png  used on input line 1930.
(pdftex.def)             Requested size: 362.37569pt x 356.74043pt.
) [64 <./figures/fig4_9.png (PNG copy)>] [65 <./figures/fig4_10.png (PNG copy)>
] (./Ghafarian_Ch3_4_English_complete.aux)
 ***********
LaTeX2e <2023-11-01> patch level 1
L3 programming layer <2024-02-20>
 ***********


LaTeX Warning: There were undefined references.

Package rerunfilecheck Info: File `Ghafarian_Ch3_4_English_complete.out' has no
t changed.
(rerunfilecheck)             Checksum: 9519908F70E421C9B44B7F9102771A37;7628.
 ) 
Here is how much of TeX's memory you used:
 18911 strings out of 474115
 314830 string characters out of 5747696
 1953190 words of memory out of 5000000
 40125 multiletter control sequences out of 15000+600000
 671979 words of font info for 260 fonts, out of 8000000 for 9000
 1141 hyphenation exceptions out of 8191
 75i,15n,79p,1754b,628s stack positions out of 10000i,1000n,20000p,200000b,200000s
<c:/texlive/2024/texmf-dist/fonts/type1/public/lm/lmbx12.pfb><c:/texlive/2024
/texmf-dist/fonts/type1/public/lm/lmbx8.pfb><c:/texlive/2024/texmf-dist/fonts/t
ype1/public/lm/lmcsc10.pfb><c:/texlive/2024/texmf-dist/fonts/type1/public/lm/lm
ex10.pfb><c:/texlive/2024/texmf-dist/fonts/type1/public/lm/lmmi12.pfb><c:/texli
ve/2024/texmf-dist/fonts/type1/public/lm/lmmi6.pfb><c:/texlive/2024/texmf-dist/
fonts/type1/public/lm/lmmi8.pfb><c:/texlive/2024/texmf-dist/fonts/type1/public/
lm/lmmib10.pfb><c:/texlive/2024/texmf-dist/fonts/type1/public/lm/lmr10.pfb><c:/
texlive/2024/texmf-dist/fonts/type1/public/lm/lmr12.pfb><c:/texlive/2024/texmf-
dist/fonts/type1/public/lm/lmr17.pfb><c:/texlive/2024/texmf-dist/fonts/type1/pu
blic/lm/lmr6.pfb><c:/texlive/2024/texmf-dist/fonts/type1/public/lm/lmr8.pfb><c:
/texlive/2024/texmf-dist/fonts/type1/public/lm/lmri12.pfb><c:/texlive/2024/texm
f-dist/fonts/type1/public/lm/lmsy10.pfb><c:/texlive/2024/texmf-dist/fonts/type1
/public/lm/lmsy6.pfb><c:/texlive/2024/texmf-dist/fonts/type1/public/lm/lmsy8.pf
b><c:/texlive/2024/texmf-dist/fonts/type1/public/lm/lmtt12.pfb><c:/texlive/2024
/texmf-dist/fonts/type1/public/amsfonts/symbols/msbm10.pfb>
Output written on Ghafarian_Ch3_4_English_complete.pdf (66 pages, 3352411 bytes
).
PDF statistics:
 1198 PDF objects out of 1200 (max. 8388607)
 1062 compressed objects within 11 object streams
 577 named destinations out of 1000 (max. 500000)
 60188 words of extra memory for PDF output out of 61914 (max. 10000000)

