\BOOKMARK [0][-]{chapter.1}{\376\377\006\314\006\047\006\057\006\257\006\314\006\061\006\314\000\040\006\101\006\071\006\047\006\104\000\040\006\105\006\050\006\052\006\106\006\314\000\040\006\050\006\061\000\040\006\052\006\110\006\062\006\314\006\071}{}% 1
\BOOKMARK [1][-]{section.1.1}{\376\377\006\105\006\102\006\057\006\105\006\107}{chapter.1}% 2
\BOOKMARK [1][-]{section.1.2}{\376\377\006\065\006\110\006\061\006\052\040\014\006\050\006\106\006\057\006\314\000\040\006\105\006\063\006\046\006\104\006\107}{chapter.1}% 3
\BOOKMARK [1][-]{section.1.3}{\376\377\006\063\006\106\006\047\006\061\006\314\006\110\006\107\006\047\006\314\000\040\006\047\006\065\006\104\006\314\000\040\006\314\006\047\006\057\006\257\006\314\006\061\006\314\000\040\006\101\006\071\006\047\006\104}{chapter.1}% 4
\BOOKMARK [2][-]{subsection.1.3.1}{\376\377\006\052\006\110\006\104\006\314\006\057\000\040\006\176\006\061\006\063\040\014\006\110\006\054\006\110\006\314\000\040\006\071\006\066\006\110\006\314\006\052}{section.1.3}% 5
\BOOKMARK [2][-]{subsection.1.3.2}{\376\377\006\106\006\105\006\110\006\106\006\107\040\014\006\257\006\314\006\061\006\314\000\040\006\047\006\106\006\052\006\056\006\047\006\050\006\314\000\040\006\054\006\061\006\314\006\047\006\106\006\314}{section.1.3}% 6
\BOOKMARK [2][-]{subsection.1.3.3}{\376\377\006\106\006\105\006\110\006\106\006\107\040\014\006\257\006\314\006\061\006\314\000\040\006\047\006\062\000\040\006\105\006\056\006\062\006\106\000\040\006\057\006\047\006\057\006\107\040\014\006\107\006\047\006\314\000\040\006\050\006\057\006\110\006\106\000\040\006\050\006\061\006\206\006\063\006\050}{section.1.3}% 7
\BOOKMARK [1][-]{section.1.4}{\376\377\006\105\006\071\006\314\006\047\006\061\006\107\006\047\006\314\000\040\006\251\006\104\006\047\006\063\006\314\006\251\000\040\006\047\006\106\006\052\006\056\006\047\006\050\000\040\006\106\006\105\006\110\006\106\006\107}{chapter.1}% 8
\BOOKMARK [2][-]{subsection.1.4.1}{\376\377\006\106\006\105\006\110\006\106\006\107\040\014\006\257\006\314\006\061\006\314\000\040\006\050\006\061\000\040\006\047\006\063\006\047\006\063\000\040\006\071\006\057\006\105\040\014\006\102\006\067\006\071\006\314\006\052}{section.1.4}% 9
\BOOKMARK [2][-]{subsection.1.4.2}{\376\377\006\176\006\061\006\063\040\014\006\110\006\054\006\110\000\040\006\050\006\061\000\040\006\047\006\063\006\047\006\063\000\040\006\251\006\105\006\314\006\052\006\107}{section.1.4}% 10
\BOOKMARK [2][-]{subsection.1.4.3}{\376\377\006\052\006\072\006\314\006\314\006\061\000\040\006\105\006\110\006\061\006\057\000\040\006\047\006\106\006\052\006\070\006\047\006\061\000\040\006\105\006\057\006\104}{section.1.4}% 11
\BOOKMARK [2][-]{subsection.1.4.4}{\376\377\006\251\006\047\006\107\006\064\000\040\006\105\006\110\006\061\006\057\000\040\006\047\006\106\006\052\006\070\006\047\006\061\000\040\006\056\006\067\006\047\000\040\006\110\000\040\006\110\006\047\006\061\006\314\006\047\006\106\006\063}{section.1.4}% 12
\BOOKMARK [1][-]{section.1.5}{\376\377\006\206\006\061\006\047\000\040\006\106\006\257\006\047\006\107\000\040\006\052\006\110\006\062\006\314\006\071\006\314\000\040\006\104\006\047\006\062\006\105\000\040\006\047\006\063\006\052\006\037}{chapter.1}% 13
\BOOKMARK [1][-]{section.1.6}{\376\377\006\206\006\257\006\047\006\104\006\314\000\040\006\110\000\040\006\106\006\105\006\047\006\314\006\106\006\057\006\257\006\314\000\040\006\057\006\061\000\040\006\101\006\066\006\047\006\314\000\040\006\057\006\047\006\057\006\107}{chapter.1}% 14
\BOOKMARK [1][-]{section.1.7}{\376\377\006\052\006\106\006\110\006\071\000\040\006\110\000\040\006\176\006\110\006\064\006\064\000\040\006\052\006\110\006\062\006\314\006\071}{chapter.1}% 15
\BOOKMARK [1][-]{section.1.8}{\376\377\006\052\006\067\006\050\006\314\006\102\000\040\006\052\006\110\006\062\006\314\006\071\000\040\006\050\006\047\000\040\006\105\006\071\006\314\006\047\006\061\006\107\006\047\006\314\000\040\006\101\006\047\006\065\006\104\006\107\040\014\006\314\000\040\006\042\006\105\006\047\006\061\006\314}{chapter.1}% 16
\BOOKMARK [1][-]{section.1.9}{\376\377\006\063\006\110\006\257\006\314\006\061\006\314\000\040\006\106\006\105\006\110\006\106\006\107\040\014\006\257\006\314\006\061\006\314\000\040\006\101\006\071\006\047\006\104\000\040\006\110\000\040\006\110\006\062\006\106\040\014\006\057\006\107\006\314\000\040\006\047\006\107\006\105\006\314\006\052}{chapter.1}% 17
\BOOKMARK [1][-]{section.1.10}{\376\377\006\052\006\047\006\050\006\071\000\040\006\047\006\251\006\052\006\063\006\047\006\050\000\040\006\176\006\314\006\064\006\106\006\107\006\047\006\057\006\314\000\040\006\050\006\061\006\047\006\314\000\040\006\314\006\047\006\057\006\257\006\314\006\061\006\314\000\040\006\101\006\071\006\047\006\104\000\040\006\052\006\110\006\062\006\314\006\071\006\314}{chapter.1}% 18
\BOOKMARK [1][-]{section.1.11}{\376\377\006\052\006\055\006\104\006\314\006\104\000\040\006\176\006\047\006\061\006\047\006\105\006\052\006\061\006\107\006\047}{chapter.1}% 19
\BOOKMARK [1][-]{section.1.12}{\376\377\006\105\006\071\006\314\006\047\006\061\006\107\006\047\006\314\000\040\006\047\006\061\006\062\006\314\006\047\006\050\006\314}{chapter.1}% 20
\BOOKMARK [1][-]{section.1.13}{\376\377\006\054\006\105\006\071\040\014\006\050\006\106\006\057\006\314}{chapter.1}% 21
