This is pdfTeX, Version 3.141592653-2.6-1.40.24 (MiKTeX 22.12) (preloaded format=pdflatex 2023.1.6)  5 FEB 2023 10:36
entering extended mode
 restricted \write18 enabled.
 %&-line parsing enabled.
**./fa_title.tex
(fa_title.tex
LaTeX2e <2022-11-01> patch level 1
L3 programming layer <2022-12-17>
! Undefined control sequence.
l.1 \KashidaOff
               
The control sequence at the end of the top line
of your error message was never \def'ed. If you have
misspelled it (e.g., `\hobx'), type `I' and the correct
spelling (e.g., `I\hbox'). Otherwise just continue,
and I'll forget about whatever was undefined.

! Undefined control sequence.
l.6 \university
               {دانشگاه فردوسی}
The control sequence at the end of the top line
of your error message was never \def'ed. If you have
misspelled it (e.g., `\hobx'), type `I' and the correct
spelling (e.g., `I\hbox'). Otherwise just continue,
and I'll forget about whatever was undefined.


! LaTeX Error: Unicode character د (U+062F)
               not set up for use with LaTeX.

See the LaTeX manual or LaTeX Companion for explanation.
Type  H <return>  for immediate help.
 ...                                              
                                                  
l.6 \university{د
                  انشگاه فردوسی}
You may provide a definition with
\DeclareUnicodeCharacter 


! LaTeX Error: Unicode character ا (U+0627)
               not set up for use with LaTeX.

See the LaTeX manual or LaTeX Companion for explanation.
Type  H <return>  for immediate help.
 ...                                              
                                                  
l.6 \university{دا
                    نشگاه فردوسی}
You may provide a definition with
\DeclareUnicodeCharacter 


! LaTeX Error: Unicode character ن (U+0646)
               not set up for use with LaTeX.

See the LaTeX manual or LaTeX Companion for explanation.
Type  H <return>  for immediate help.
 ...                                              
                                                  
l.6 \university{دان
                      شگاه فردوسی}
You may provide a definition with
\DeclareUnicodeCharacter 


! LaTeX Error: Unicode character ش (U+0634)
               not set up for use with LaTeX.

See the LaTeX manual or LaTeX Companion for explanation.
Type  H <return>  for immediate help.
 ...                                              
                                                  
l.6 \university{دانش
                        گاه فردوسی}
You may provide a definition with
\DeclareUnicodeCharacter 


! LaTeX Error: Unicode character گ (U+06AF)
               not set up for use with LaTeX.

See the LaTeX manual or LaTeX Companion for explanation.
Type  H <return>  for immediate help.
 ...                                              
                                                  
l.6 \university{دانشگ
                          اه فردوسی}
You may provide a definition with
\DeclareUnicodeCharacter 


! LaTeX Error: Unicode character ا (U+0627)
               not set up for use with LaTeX.

See the LaTeX manual or LaTeX Companion for explanation.
Type  H <return>  for immediate help.
 ...                                              
                                                  
l.6 \university{دانشگا
                            ه فردوسی}
You may provide a definition with
\DeclareUnicodeCharacter 


! LaTeX Error: Unicode character ه (U+0647)
               not set up for use with LaTeX.

See the LaTeX manual or LaTeX Companion for explanation.
Type  H <return>  for immediate help.
 ...                                              
                                                  
l.6 \university{دانشگاه
                               فردوسی}
You may provide a definition with
\DeclareUnicodeCharacter 


! LaTeX Error: Unicode character ف (U+0641)
               not set up for use with LaTeX.

See the LaTeX manual or LaTeX Companion for explanation.
Type  H <return>  for immediate help.
 ...                                              
                                                  
l.6 \university{دانشگاه ف
                                 ردوسی}
You may provide a definition with
\DeclareUnicodeCharacter 


! LaTeX Error: Unicode character ر (U+0631)
               not set up for use with LaTeX.

See the LaTeX manual or LaTeX Companion for explanation.
Type  H <return>  for immediate help.
 ...                                              
                                                  
l.6 \university{دانشگاه فر
                                   دوسی}
You may provide a definition with
\DeclareUnicodeCharacter 


! LaTeX Error: Unicode character د (U+062F)
               not set up for use with LaTeX.

See the LaTeX manual or LaTeX Companion for explanation.
Type  H <return>  for immediate help.
 ...                                              
                                                  
l.6 \university{دانشگاه فرد
                                     وسی}
You may provide a definition with
\DeclareUnicodeCharacter 


! LaTeX Error: Unicode character و (U+0648)
               not set up for use with LaTeX.

See the LaTeX manual or LaTeX Companion for explanation.
Type  H <return>  for immediate help.
 ...                                              
                                                  
l.6 \university{دانشگاه فردو
                                       سی}
You may provide a definition with
\DeclareUnicodeCharacter 


! LaTeX Error: Unicode character س (U+0633)
               not set up for use with LaTeX.

See the LaTeX manual or LaTeX Companion for explanation.
Type  H <return>  for immediate help.
 ...                                              
                                                  
l.6 \university{دانشگاه فردوس
                                         ی}
You may provide a definition with
\DeclareUnicodeCharacter 


! LaTeX Error: Unicode character ی (U+06CC)
               not set up for use with LaTeX.

See the LaTeX manual or LaTeX Companion for explanation.
Type  H <return>  for immediate help.
 ...                                              
                                                  
l.6 \university{دانشگاه فردوسی
                                           }
You may provide a definition with
\DeclareUnicodeCharacter 

! Undefined control sequence.
l.8 \faculty
            {دانشکده مهندسی}
The control sequence at the end of the top line
of your error message was never \def'ed. If you have
misspelled it (e.g., `\hobx'), type `I' and the correct
spelling (e.g., `I\hbox'). Otherwise just continue,
and I'll forget about whatever was undefined.


! LaTeX Error: Unicode character د (U+062F)
               not set up for use with LaTeX.

See the LaTeX manual or LaTeX Companion for explanation.
Type  H <return>  for immediate help.
 ...                                              
                                                  
l.8 \faculty{د
               انشکده مهندسی}
You may provide a definition with
\DeclareUnicodeCharacter 


! LaTeX Error: Unicode character ا (U+0627)
               not set up for use with LaTeX.

See the LaTeX manual or LaTeX Companion for explanation.
Type  H <return>  for immediate help.
 ...                                              
                                                  
l.8 \faculty{دا
                 نشکده مهندسی}
You may provide a definition with
\DeclareUnicodeCharacter 


! LaTeX Error: Unicode character ن (U+0646)
               not set up for use with LaTeX.

See the LaTeX manual or LaTeX Companion for explanation.
Type  H <return>  for immediate help.
 ...                                              
                                                  
l.8 \faculty{دان
                   شکده مهندسی}
You may provide a definition with
\DeclareUnicodeCharacter 


! LaTeX Error: Unicode character ش (U+0634)
               not set up for use with LaTeX.

See the LaTeX manual or LaTeX Companion for explanation.
Type  H <return>  for immediate help.
 ...                                              
                                                  
l.8 \faculty{دانش
                     کده مهندسی}
You may provide a definition with
\DeclareUnicodeCharacter 


! LaTeX Error: Unicode character ک (U+06A9)
               not set up for use with LaTeX.

See the LaTeX manual or LaTeX Companion for explanation.
Type  H <return>  for immediate help.
 ...                                              
                                                  
l.8 \faculty{دانشک
                       ده مهندسی}
You may provide a definition with
\DeclareUnicodeCharacter 


! LaTeX Error: Unicode character د (U+062F)
               not set up for use with LaTeX.

See the LaTeX manual or LaTeX Companion for explanation.
Type  H <return>  for immediate help.
 ...                                              
                                                  
l.8 \faculty{دانشکد
                         ه مهندسی}
You may provide a definition with
\DeclareUnicodeCharacter 


! LaTeX Error: Unicode character ه (U+0647)
               not set up for use with LaTeX.

See the LaTeX manual or LaTeX Companion for explanation.
Type  H <return>  for immediate help.
 ...                                              
                                                  
l.8 \faculty{دانشکده
                            مهندسی}
You may provide a definition with
\DeclareUnicodeCharacter 


! LaTeX Error: Unicode character م (U+0645)
               not set up for use with LaTeX.

See the LaTeX manual or LaTeX Companion for explanation.
Type  H <return>  for immediate help.
 ...                                              
                                                  
l.8 \faculty{دانشکده م
                              هندسی}
You may provide a definition with
\DeclareUnicodeCharacter 


! LaTeX Error: Unicode character ه (U+0647)
               not set up for use with LaTeX.

See the LaTeX manual or LaTeX Companion for explanation.
Type  H <return>  for immediate help.
 ...                                              
                                                  
l.8 \faculty{دانشکده مه
                                ندسی}
You may provide a definition with
\DeclareUnicodeCharacter 


! LaTeX Error: Unicode character ن (U+0646)
               not set up for use with LaTeX.

See the LaTeX manual or LaTeX Companion for explanation.
Type  H <return>  for immediate help.
 ...                                              
                                                  
l.8 \faculty{دانشکده مهن
                                  دسی}
You may provide a definition with
\DeclareUnicodeCharacter 


! LaTeX Error: Unicode character د (U+062F)
               not set up for use with LaTeX.

See the LaTeX manual or LaTeX Companion for explanation.
Type  H <return>  for immediate help.
 ...                                              
                                                  
l.8 \faculty{دانشکده مهند
                                    سی}
You may provide a definition with
\DeclareUnicodeCharacter 


! LaTeX Error: Unicode character س (U+0633)
               not set up for use with LaTeX.

See the LaTeX manual or LaTeX Companion for explanation.
Type  H <return>  for immediate help.
 ...                                              
                                                  
l.8 \faculty{دانشکده مهندس
                                      ی}
You may provide a definition with
\DeclareUnicodeCharacter 


! LaTeX Error: Unicode character ی (U+06CC)
               not set up for use with LaTeX.

See the LaTeX manual or LaTeX Companion for explanation.
Type  H <return>  for immediate help.
 ...                                              
                                                  
l.8 \faculty{دانشکده مهندسی
                                        }
You may provide a definition with
\DeclareUnicodeCharacter 

! Undefined control sequence.
l.10 \department
                {مهندسی کامپیوتر}
The control sequence at the end of the top line
of your error message was never \def'ed. If you have
misspelled it (e.g., `\hobx'), type `I' and the correct
spelling (e.g., `I\hbox'). Otherwise just continue,
and I'll forget about whatever was undefined.


! LaTeX Error: Unicode character م (U+0645)
               not set up for use with LaTeX.

See the LaTeX manual or LaTeX Companion for explanation.
Type  H <return>  for immediate help.
 ...                                              
                                                  
l.10 \department{م
                   هندسی کامپیوتر}
You may provide a definition with
\DeclareUnicodeCharacter 


! LaTeX Error: Unicode character ه (U+0647)
               not set up for use with LaTeX.

See the LaTeX manual or LaTeX Companion for explanation.
Type  H <return>  for immediate help.
 ...                                              
                                                  
l.10 \department{مه
                     ندسی کامپیوتر}
You may provide a definition with
\DeclareUnicodeCharacter 


! LaTeX Error: Unicode character ن (U+0646)
               not set up for use with LaTeX.

See the LaTeX manual or LaTeX Companion for explanation.
Type  H <return>  for immediate help.
 ...                                              
                                                  
l.10 \department{مهن
                       دسی کامپیوتر}
You may provide a definition with
\DeclareUnicodeCharacter 


! LaTeX Error: Unicode character د (U+062F)
               not set up for use with LaTeX.

See the LaTeX manual or LaTeX Companion for explanation.
Type  H <return>  for immediate help.
 ...                                              
                                                  
l.10 \department{مهند
                         سی کامپیوتر}
You may provide a definition with
\DeclareUnicodeCharacter 


! LaTeX Error: Unicode character س (U+0633)
               not set up for use with LaTeX.

See the LaTeX manual or LaTeX Companion for explanation.
Type  H <return>  for immediate help.
 ...                                              
                                                  
l.10 \department{مهندس
                           ی کامپیوتر}
You may provide a definition with
\DeclareUnicodeCharacter 


! LaTeX Error: Unicode character ی (U+06CC)
               not set up for use with LaTeX.

See the LaTeX manual or LaTeX Companion for explanation.
Type  H <return>  for immediate help.
 ...                                              
                                                  
l.10 \department{مهندسی
                              کامپیوتر}
You may provide a definition with
\DeclareUnicodeCharacter 


! LaTeX Error: Unicode character ک (U+06A9)
               not set up for use with LaTeX.

See the LaTeX manual or LaTeX Companion for explanation.
Type  H <return>  for immediate help.
 ...                                              
                                                  
l.10 \department{مهندسی ک
                                امپیوتر}
You may provide a definition with
\DeclareUnicodeCharacter 


! LaTeX Error: Unicode character ا (U+0627)
               not set up for use with LaTeX.

See the LaTeX manual or LaTeX Companion for explanation.
Type  H <return>  for immediate help.
 ...                                              
                                                  
l.10 \department{مهندسی کا
                                  مپیوتر}
You may provide a definition with
\DeclareUnicodeCharacter 


! LaTeX Error: Unicode character م (U+0645)
               not set up for use with LaTeX.

See the LaTeX manual or LaTeX Companion for explanation.
Type  H <return>  for immediate help.
 ...                                              
                                                  
l.10 \department{مهندسی کام
                                    پیوتر}
You may provide a definition with
\DeclareUnicodeCharacter 


! LaTeX Error: Unicode character پ (U+067E)
               not set up for use with LaTeX.

See the LaTeX manual or LaTeX Companion for explanation.
Type  H <return>  for immediate help.
 ...                                              
                                                  
l.10 \department{مهندسی کامپ
                                      یوتر}
You may provide a definition with
\DeclareUnicodeCharacter 


! LaTeX Error: Unicode character ی (U+06CC)
               not set up for use with LaTeX.

See the LaTeX manual or LaTeX Companion for explanation.
Type  H <return>  for immediate help.
 ...                                              
                                                  
l.10 \department{مهندسی کامپی
                                        وتر}
You may provide a definition with
\DeclareUnicodeCharacter 


! LaTeX Error: Unicode character و (U+0648)
               not set up for use with LaTeX.

See the LaTeX manual or LaTeX Companion for explanation.
Type  H <return>  for immediate help.
 ...                                              
                                                  
l.10 \department{مهندسی کامپیو
                                          تر}
You may provide a definition with
\DeclareUnicodeCharacter 


! LaTeX Error: Unicode character ت (U+062A)
               not set up for use with LaTeX.

See the LaTeX manual or LaTeX Companion for explanation.
Type  H <return>  for immediate help.
 ...                                              
                                                  
l.10 \department{مهندسی کامپیوت
                                            ر}
You may provide a definition with
\DeclareUnicodeCharacter 


! LaTeX Error: Unicode character ر (U+0631)
               not set up for use with LaTeX.

See the LaTeX manual or LaTeX Companion for explanation.
Type  H <return>  for immediate help.
 ...                                              
                                                  
l.10 \department{مهندسی کامپیوتر
                                              }
You may provide a definition with
\DeclareUnicodeCharacter 

! Undefined control sequence.
l.12 \subject
             {نرم افزار}
The control sequence at the end of the top line
of your error message was never \def'ed. If you have
misspelled it (e.g., `\hobx'), type `I' and the correct
spelling (e.g., `I\hbox'). Otherwise just continue,
and I'll forget about whatever was undefined.


! LaTeX Error: Unicode character ن (U+0646)
               not set up for use with LaTeX.

See the LaTeX manual or LaTeX Companion for explanation.
Type  H <return>  for immediate help.
 ...                                              
                                                  
l.12 \subject{ن
                رم افزار}
You may provide a definition with
\DeclareUnicodeCharacter 


! LaTeX Error: Unicode character ر (U+0631)
               not set up for use with LaTeX.

See the LaTeX manual or LaTeX Companion for explanation.
Type  H <return>  for immediate help.
 ...                                              
                                                  
l.12 \subject{نر
                  م افزار}
You may provide a definition with
\DeclareUnicodeCharacter 


! LaTeX Error: Unicode character م (U+0645)
               not set up for use with LaTeX.

See the LaTeX manual or LaTeX Companion for explanation.
Type  H <return>  for immediate help.
 ...                                              
                                                  
l.12 \subject{نرم
                     افزار}
You may provide a definition with
\DeclareUnicodeCharacter 


! LaTeX Error: Unicode character ا (U+0627)
               not set up for use with LaTeX.

See the LaTeX manual or LaTeX Companion for explanation.
Type  H <return>  for immediate help.
 ...                                              
                                                  
l.12 \subject{نرم ا
                       فزار}
You may provide a definition with
\DeclareUnicodeCharacter 


! LaTeX Error: Unicode character ف (U+0641)
               not set up for use with LaTeX.

See the LaTeX manual or LaTeX Companion for explanation.
Type  H <return>  for immediate help.
 ...                                              
                                                  
l.12 \subject{نرم اف
                         زار}
You may provide a definition with
\DeclareUnicodeCharacter 


! LaTeX Error: Unicode character ز (U+0632)
               not set up for use with LaTeX.

See the LaTeX manual or LaTeX Companion for explanation.
Type  H <return>  for immediate help.
 ...                                              
                                                  
l.12 \subject{نرم افز
                           ار}
You may provide a definition with
\DeclareUnicodeCharacter 


! LaTeX Error: Unicode character ا (U+0627)
               not set up for use with LaTeX.

See the LaTeX manual or LaTeX Companion for explanation.
Type  H <return>  for immediate help.
 ...                                              
                                                  
l.12 \subject{نرم افزا
                             ر}
You may provide a definition with
\DeclareUnicodeCharacter 


! LaTeX Error: Unicode character ر (U+0631)
               not set up for use with LaTeX.

See the LaTeX manual or LaTeX Companion for explanation.
Type  H <return>  for immediate help.
 ...                                              
                                                  
l.12 \subject{نرم افزار
                               }
You may provide a definition with
\DeclareUnicodeCharacter 

! Undefined control sequence.
l.19 \firstsupervisor
                     {دکتر عبدالرضا سوادی}
The control sequence at the end of the top line
of your error message was never \def'ed. If you have
misspelled it (e.g., `\hobx'), type `I' and the correct
spelling (e.g., `I\hbox'). Otherwise just continue,
and I'll forget about whatever was undefined.


! LaTeX Error: Unicode character د (U+062F)
               not set up for use with LaTeX.

See the LaTeX manual or LaTeX Companion for explanation.
Type  H <return>  for immediate help.
 ...                                              
                                                  
l.19 \firstsupervisor{د
                        کتر عبدالرضا سوادی}
You may provide a definition with
\DeclareUnicodeCharacter 


! LaTeX Error: Unicode character ک (U+06A9)
               not set up for use with LaTeX.

See the LaTeX manual or LaTeX Companion for explanation.
Type  H <return>  for immediate help.
 ...                                              
                                                  
l.19 \firstsupervisor{دک
                          تر عبدالرضا سوادی}
You may provide a definition with
\DeclareUnicodeCharacter 


! LaTeX Error: Unicode character ت (U+062A)
               not set up for use with LaTeX.

See the LaTeX manual or LaTeX Companion for explanation.
Type  H <return>  for immediate help.
 ...                                              
                                                  
l.19 \firstsupervisor{دکت
                            ر عبدالرضا سوادی}
You may provide a definition with
\DeclareUnicodeCharacter 


! LaTeX Error: Unicode character ر (U+0631)
               not set up for use with LaTeX.

See the LaTeX manual or LaTeX Companion for explanation.
Type  H <return>  for immediate help.
 ...                                              
                                                  
l.19 \firstsupervisor{دکتر
                               عبدالرضا سوادی}
You may provide a definition with
\DeclareUnicodeCharacter 


! LaTeX Error: Unicode character ع (U+0639)
               not set up for use with LaTeX.

See the LaTeX manual or LaTeX Companion for explanation.
Type  H <return>  for immediate help.
 ...                                              
                                                  
l.19 \firstsupervisor{دکتر ع
                                 بدالرضا سوادی}
You may provide a definition with
\DeclareUnicodeCharacter 


! LaTeX Error: Unicode character ب (U+0628)
               not set up for use with LaTeX.

See the LaTeX manual or LaTeX Companion for explanation.
Type  H <return>  for immediate help.
 ...                                              
                                                  
l.19 \firstsupervisor{دکتر عب
                                   دالرضا سوادی}
You may provide a definition with
\DeclareUnicodeCharacter 


! LaTeX Error: Unicode character د (U+062F)
               not set up for use with LaTeX.

See the LaTeX manual or LaTeX Companion for explanation.
Type  H <return>  for immediate help.
 ...                                              
                                                  
l.19 \firstsupervisor{دکتر عبد
                                     الرضا سوادی}
You may provide a definition with
\DeclareUnicodeCharacter 


! LaTeX Error: Unicode character ا (U+0627)
               not set up for use with LaTeX.

See the LaTeX manual or LaTeX Companion for explanation.
Type  H <return>  for immediate help.
 ...                                              
                                                  
l.19 \firstsupervisor{دکتر عبدا
                                       لرضا سوادی}
You may provide a definition with
\DeclareUnicodeCharacter 


! LaTeX Error: Unicode character ل (U+0644)
               not set up for use with LaTeX.

See the LaTeX manual or LaTeX Companion for explanation.
Type  H <return>  for immediate help.
 ...                                              
                                                  
l.19 \firstsupervisor{دکتر عبدال
                                         رضا سوادی}
You may provide a definition with
\DeclareUnicodeCharacter 


! LaTeX Error: Unicode character ر (U+0631)
               not set up for use with LaTeX.

See the LaTeX manual or LaTeX Companion for explanation.
Type  H <return>  for immediate help.
 ...                                              
                                                  
l.19 \firstsupervisor{دکتر عبدالر
                                           ضا سوادی}
You may provide a definition with
\DeclareUnicodeCharacter 


! LaTeX Error: Unicode character ض (U+0636)
               not set up for use with LaTeX.

See the LaTeX manual or LaTeX Companion for explanation.
Type  H <return>  for immediate help.
 ...                                              
                                                  
l.19 \firstsupervisor{دکتر عبدالرض
                                             ا سوادی}
You may provide a definition with
\DeclareUnicodeCharacter 


! LaTeX Error: Unicode character ا (U+0627)
               not set up for use with LaTeX.

See the LaTeX manual or LaTeX Companion for explanation.
Type  H <return>  for immediate help.
 ...                                              
                                                  
l.19 \firstsupervisor{دکتر عبدالرضا
                                                سوادی}
You may provide a definition with
\DeclareUnicodeCharacter 


! LaTeX Error: Unicode character س (U+0633)
               not set up for use with LaTeX.

See the LaTeX manual or LaTeX Companion for explanation.
Type  H <return>  for immediate help.
 ...                                              
                                                  
l.19 \firstsupervisor{دکتر عبدالرضا س
                                                  وادی}
You may provide a definition with
\DeclareUnicodeCharacter 


! LaTeX Error: Unicode character و (U+0648)
               not set up for use with LaTeX.

See the LaTeX manual or LaTeX Companion for explanation.
Type  H <return>  for immediate help.
 ...                                              
                                                  
l.19 ...tsupervisor{دکتر عبدالرضا سو
                                                  ادی}
You may provide a definition with
\DeclareUnicodeCharacter 


! LaTeX Error: Unicode character ا (U+0627)
               not set up for use with LaTeX.

See the LaTeX manual or LaTeX Companion for explanation.
Type  H <return>  for immediate help.
 ...                                              
                                                  
l.19 ...upervisor{دکتر عبدالرضا سوا
                                                  دی}
You may provide a definition with
\DeclareUnicodeCharacter 


! LaTeX Error: Unicode character د (U+062F)
               not set up for use with LaTeX.

See the LaTeX manual or LaTeX Companion for explanation.
Type  H <return>  for immediate help.
 ...                                              
                                                  
l.19 ...ervisor{دکتر عبدالرضا سواد
                                                  ی}
You may provide a definition with
\DeclareUnicodeCharacter 


! LaTeX Error: Unicode character ی (U+06CC)
               not set up for use with LaTeX.

See the LaTeX manual or LaTeX Companion for explanation.
Type  H <return>  for immediate help.
 ...                                              
                                                  
l.19 ...visor{دکتر عبدالرضا سوادی
                                                  }
You may provide a definition with
\DeclareUnicodeCharacter 

! Undefined control sequence.
l.22 \firstadvisor
                  {دکتر هادی صدوقی یزدی}
The control sequence at the end of the top line
of your error message was never \def'ed. If you have
misspelled it (e.g., `\hobx'), type `I' and the correct
spelling (e.g., `I\hbox'). Otherwise just continue,
and I'll forget about whatever was undefined.


! LaTeX Error: Unicode character د (U+062F)
               not set up for use with LaTeX.

See the LaTeX manual or LaTeX Companion for explanation.
Type  H <return>  for immediate help.
 ...                                              
                                                  
l.22 \firstadvisor{د
                     کتر هادی صدوقی یزدی}
You may provide a definition with
\DeclareUnicodeCharacter 


! LaTeX Error: Unicode character ک (U+06A9)
               not set up for use with LaTeX.

See the LaTeX manual or LaTeX Companion for explanation.
Type  H <return>  for immediate help.
 ...                                              
                                                  
l.22 \firstadvisor{دک
                       تر هادی صدوقی یزدی}
You may provide a definition with
\DeclareUnicodeCharacter 


! LaTeX Error: Unicode character ت (U+062A)
               not set up for use with LaTeX.

See the LaTeX manual or LaTeX Companion for explanation.
Type  H <return>  for immediate help.
 ...                                              
                                                  
l.22 \firstadvisor{دکت
                         ر هادی صدوقی یزدی}
You may provide a definition with
\DeclareUnicodeCharacter 


! LaTeX Error: Unicode character ر (U+0631)
               not set up for use with LaTeX.

See the LaTeX manual or LaTeX Companion for explanation.
Type  H <return>  for immediate help.
 ...                                              
                                                  
l.22 \firstadvisor{دکتر
                            هادی صدوقی یزدی}
You may provide a definition with
\DeclareUnicodeCharacter 


! LaTeX Error: Unicode character ه (U+0647)
               not set up for use with LaTeX.

See the LaTeX manual or LaTeX Companion for explanation.
Type  H <return>  for immediate help.
 ...                                              
                                                  
l.22 \firstadvisor{دکتر ه
                              ادی صدوقی یزدی}
You may provide a definition with
\DeclareUnicodeCharacter 


! LaTeX Error: Unicode character ا (U+0627)
               not set up for use with LaTeX.

See the LaTeX manual or LaTeX Companion for explanation.
Type  H <return>  for immediate help.
 ...                                              
                                                  
l.22 \firstadvisor{دکتر ها
                                دی صدوقی یزدی}
You may provide a definition with
\DeclareUnicodeCharacter 


! LaTeX Error: Unicode character د (U+062F)
               not set up for use with LaTeX.

See the LaTeX manual or LaTeX Companion for explanation.
Type  H <return>  for immediate help.
 ...                                              
                                                  
l.22 \firstadvisor{دکتر هاد
                                  ی صدوقی یزدی}
You may provide a definition with
\DeclareUnicodeCharacter 


! LaTeX Error: Unicode character ی (U+06CC)
               not set up for use with LaTeX.

See the LaTeX manual or LaTeX Companion for explanation.
Type  H <return>  for immediate help.
 ...                                              
                                                  
l.22 \firstadvisor{دکتر هادی
                                     صدوقی یزدی}
You may provide a definition with
\DeclareUnicodeCharacter 


! LaTeX Error: Unicode character ص (U+0635)
               not set up for use with LaTeX.

See the LaTeX manual or LaTeX Companion for explanation.
Type  H <return>  for immediate help.
 ...                                              
                                                  
l.22 \firstadvisor{دکتر هادی ص
                                       دوقی یزدی}
You may provide a definition with
\DeclareUnicodeCharacter 


! LaTeX Error: Unicode character د (U+062F)
               not set up for use with LaTeX.

See the LaTeX manual or LaTeX Companion for explanation.
Type  H <return>  for immediate help.
 ...                                              
                                                  
l.22 \firstadvisor{دکتر هادی صد
                                         وقی یزدی}
You may provide a definition with
\DeclareUnicodeCharacter 


! LaTeX Error: Unicode character و (U+0648)
               not set up for use with LaTeX.

See the LaTeX manual or LaTeX Companion for explanation.
Type  H <return>  for immediate help.
 ...                                              
                                                  
l.22 \firstadvisor{دکتر هادی صدو
                                           قی یزدی}
You may provide a definition with
\DeclareUnicodeCharacter 


! LaTeX Error: Unicode character ق (U+0642)
               not set up for use with LaTeX.

See the LaTeX manual or LaTeX Companion for explanation.
Type  H <return>  for immediate help.
 ...                                              
                                                  
l.22 \firstadvisor{دکتر هادی صدوق
                                             ی یزدی}
You may provide a definition with
\DeclareUnicodeCharacter 


! LaTeX Error: Unicode character ی (U+06CC)
               not set up for use with LaTeX.

See the LaTeX manual or LaTeX Companion for explanation.
Type  H <return>  for immediate help.
 ...                                              
                                                  
l.22 \firstadvisor{دکتر هادی صدوقی
                                                یزدی}
You may provide a definition with
\DeclareUnicodeCharacter 


! LaTeX Error: Unicode character ی (U+06CC)
               not set up for use with LaTeX.

See the LaTeX manual or LaTeX Companion for explanation.
Type  H <return>  for immediate help.
 ...                                              
                                                  
l.22 \firstadvisor{دکتر هادی صدوقی ی
                                                  زدی}
You may provide a definition with
\DeclareUnicodeCharacter 


! LaTeX Error: Unicode character ز (U+0632)
               not set up for use with LaTeX.

See the LaTeX manual or LaTeX Companion for explanation.
Type  H <return>  for immediate help.
 ...                                              
                                                  
l.22 ...tadvisor{دکتر هادی صدوقی یز
                                                  دی}
You may provide a definition with
\DeclareUnicodeCharacter 


! LaTeX Error: Unicode character د (U+062F)
               not set up for use with LaTeX.

See the LaTeX manual or LaTeX Companion for explanation.
Type  H <return>  for immediate help.
 ...                                              
                                                  
l.22 ...dvisor{دکتر هادی صدوقی یزد
                                                  ی}
You may provide a definition with
\DeclareUnicodeCharacter 


! LaTeX Error: Unicode character ی (U+06CC)
               not set up for use with LaTeX.

See the LaTeX manual or LaTeX Companion for explanation.
Type  H <return>  for immediate help.
 ...                                              
                                                  
l.22 ...isor{دکتر هادی صدوقی یزدی
                                                  }
You may provide a definition with
\DeclareUnicodeCharacter 

! Undefined control sequence.
l.25 \name
          {فاطمه}
The control sequence at the end of the top line
of your error message was never \def'ed. If you have
misspelled it (e.g., `\hobx'), type `I' and the correct
spelling (e.g., `I\hbox'). Otherwise just continue,
and I'll forget about whatever was undefined.


! LaTeX Error: Unicode character ف (U+0641)
               not set up for use with LaTeX.

See the LaTeX manual or LaTeX Companion for explanation.
Type  H <return>  for immediate help.
 ...                                              
                                                  
l.25 \name{ف
             اطمه}
You may provide a definition with
\DeclareUnicodeCharacter 


! LaTeX Error: Unicode character ا (U+0627)
               not set up for use with LaTeX.

See the LaTeX manual or LaTeX Companion for explanation.
Type  H <return>  for immediate help.
 ...                                              
                                                  
l.25 \name{فا
               طمه}
You may provide a definition with
\DeclareUnicodeCharacter 


! LaTeX Error: Unicode character ط (U+0637)
               not set up for use with LaTeX.

See the LaTeX manual or LaTeX Companion for explanation.
Type  H <return>  for immediate help.
 ...                                              
                                                  
l.25 \name{فاط
                 مه}
You may provide a definition with
\DeclareUnicodeCharacter 


! LaTeX Error: Unicode character م (U+0645)
               not set up for use with LaTeX.

See the LaTeX manual or LaTeX Companion for explanation.
Type  H <return>  for immediate help.
 ...                                              
                                                  
l.25 \name{فاطم
                   ه}
You may provide a definition with
\DeclareUnicodeCharacter 


! LaTeX Error: Unicode character ه (U+0647)
               not set up for use with LaTeX.

See the LaTeX manual or LaTeX Companion for explanation.
Type  H <return>  for immediate help.
 ...                                              
                                                  
l.25 \name{فاطمه
                     }
You may provide a definition with
\DeclareUnicodeCharacter 

! Undefined control sequence.
l.27 \surname
             {بارانی}
The control sequence at the end of the top line
of your error message was never \def'ed. If you have
misspelled it (e.g., `\hobx'), type `I' and the correct
spelling (e.g., `I\hbox'). Otherwise just continue,
and I'll forget about whatever was undefined.


! LaTeX Error: Unicode character ب (U+0628)
               not set up for use with LaTeX.

See the LaTeX manual or LaTeX Companion for explanation.
Type  H <return>  for immediate help.
 ...                                              
                                                  
l.27 \surname{ب
                ارانی}
You may provide a definition with
\DeclareUnicodeCharacter 


! LaTeX Error: Unicode character ا (U+0627)
               not set up for use with LaTeX.

See the LaTeX manual or LaTeX Companion for explanation.
Type  H <return>  for immediate help.
 ...                                              
                                                  
l.27 \surname{با
                  رانی}
You may provide a definition with
\DeclareUnicodeCharacter 


! LaTeX Error: Unicode character ر (U+0631)
               not set up for use with LaTeX.

See the LaTeX manual or LaTeX Companion for explanation.
Type  H <return>  for immediate help.
 ...                                              
                                                  
l.27 \surname{بار
                    انی}
You may provide a definition with
\DeclareUnicodeCharacter 


! LaTeX Error: Unicode character ا (U+0627)
               not set up for use with LaTeX.

See the LaTeX manual or LaTeX Companion for explanation.
Type  H <return>  for immediate help.
 ...                                              
                                                  
l.27 \surname{بارا
                      نی}
(That makes 100 errors; please try again.) 
Here is how much of TeX's memory you used:
 42 strings out of 476406
 795 string characters out of 2790040
 1848787 words of memory out of 3000000
 20501 multiletter control sequences out of 15000+600000
 512287 words of font info for 32 fonts, out of 8000000 for 9000
 1141 hyphenation exceptions out of 8191
 13i,0n,12p,236b,28s stack positions out of 10000i,1000n,20000p,200000b,80000s

!  ==> Fatal error occurred, no output PDF file produced!
