\BOOKMARK [0][-]{chapter.1}{\376\377\006\105\006\102\006\057\006\105\006\107}{}% 1
\BOOKMARK [1][-]{section.1.1}{\376\377\006\052\006\071\006\061\006\314\006\101\000\040\006\105\006\063\006\047\006\104\006\107}{chapter.1}% 2
\BOOKMARK [1][-]{section.1.2}{\376\377\006\206\006\047\006\104\006\064\006\107\006\047\006\314\000\040\006\105\006\110\006\054\006\110\006\057}{chapter.1}% 3
\BOOKMARK [1][-]{section.1.3}{\376\377\006\047\006\107\006\057\006\047\006\101\000\040\006\105\006\063\006\047\006\104\006\107}{chapter.1}% 4
\BOOKMARK [1][-]{section.1.4}{\376\377\006\054\006\106\006\050\006\107\000\040\006\054\006\057\006\314\006\057\000\040\006\050\006\110\006\057\006\106\000\040\006\110\000\040\006\106\006\110\006\042\006\110\006\061\006\314}{chapter.1}% 5
\BOOKMARK [1][-]{section.1.5}{\376\377\006\063\006\047\006\056\006\052\006\047\006\061\000\040\006\061\006\063\006\047\006\104\006\107}{chapter.1}% 6
\BOOKMARK [0][-]{chapter.2}{\376\377\006\105\006\101\006\047\006\107\006\314\006\105\000\040\006\047\006\110\006\104\006\314\006\107}{}% 7
\BOOKMARK [1][-]{section.2.1}{\376\377\006\064\006\050\006\251\006\107\040\014\006\107\006\047\006\314\000\040\006\052\006\067\006\050\006\314\006\102\006\314\000\040\006\052\006\110\006\062\006\314\006\071\040\014\006\064\006\057\006\107}{chapter.2}% 8
\BOOKMARK [1][-]{section.2.2}{\376\377\006\105\006\057\006\104\040\014\006\107\006\047\006\314\000\040\006\105\006\055\006\047\006\063\006\050\006\047\006\052\006\314\000\040\006\176\006\061\006\057\006\047\006\062\006\064\000\040\006\105\006\110\006\047\006\062\006\314\000\040\006\110\000\040\006\052\006\110\006\062\006\314\006\071\040\014\006\064\006\057\006\107}{chapter.2}% 9
\BOOKMARK [2][-]{subsection.2.2.1}{\376\377\006\105\006\057\006\104\000\040\006\105\006\055\006\047\006\063\006\050\006\047\006\052\006\314\000\040\000P\000R\000A\000M}{section.2.2}% 10
\BOOKMARK [2][-]{subsection.2.2.2}{\376\377\006\105\006\057\006\104\000\040\006\105\006\055\006\047\006\063\006\050\006\047\006\052\006\314\000\040\000L\000o\000g\000P}{section.2.2}% 11
\BOOKMARK [2][-]{subsection.2.2.3}{\376\377\006\206\006\047\006\061\006\206\006\110\006\050\000\040\006\105\006\055\006\047\006\063\006\050\006\047\006\052\006\314\000\040\000M\000a\000p\000R\000e\000d\000u\000c\000e}{section.2.2}% 12
\BOOKMARK [2][-]{subsection.2.2.4}{\376\377\006\105\006\057\006\104\000\040\006\105\006\055\006\047\006\063\006\050\006\047\006\052\006\314\000\040\000B\000S\000P}{section.2.2}% 13
\BOOKMARK [1][-]{section.2.3}{\376\377\006\105\006\057\006\104\000\040\006\105\006\055\006\047\006\063\006\050\006\047\006\052\006\314\000\040\006\105\006\110\006\047\006\062\006\314\040\014\000\040\006\105\006\047\006\106\006\071\006\314\000\040\006\314\006\047\000\040\000B\000S\000P}{chapter.2}% 14
\BOOKMARK [2][-]{subsection.2.3.1}{\376\377\006\052\006\047\006\061\006\314\006\056\006\206\006\107\000\040\006\105\006\057\006\104\000\040\006\105\006\055\006\047\006\063\006\050\006\047\006\052\006\314\000\040\000B\000S\000P}{section.2.3}% 15
\BOOKMARK [2][-]{subsection.2.3.2}{\376\377\006\050\006\061\006\052\006\061\006\314\040\014\006\107\006\047\006\314\000\040\006\105\006\057\006\104\000\040\006\105\006\055\006\047\006\063\006\050\006\047\006\052\006\314\000\040\000B\000S\000P}{section.2.3}% 16
\BOOKMARK [2][-]{subsection.2.3.3}{\376\377\006\251\006\052\006\047\006\050\006\056\006\047\006\106\006\107\040\014\040\014\006\107\006\047\006\314\000\040\006\106\006\061\006\105\040\014\006\047\006\101\006\062\006\047\006\061\006\314\000\040\006\050\006\061\006\047\006\314\000\040\006\105\006\057\006\104\000\040\006\105\006\055\006\047\006\063\006\050\006\047\006\052\006\314\000\040\000B\000S\000P\000\040}{section.2.3}% 17
\BOOKMARK [1][-]{section.2.4}{\376\377\006\056\006\104\006\047\006\065\006\107}{chapter.2}% 18
\BOOKMARK [0][-]{chapter.3}{\376\377\006\105\006\061\006\110\006\061\006\314\000\040\006\050\006\061\000\040\006\251\006\047\006\061\006\107\006\047\006\314\000\040\006\176\006\314\006\064\006\314\006\106}{}% 19
\BOOKMARK [1][-]{section.3.1}{\376\377\006\105\006\102\006\057\006\105\006\107}{chapter.3}% 20
\BOOKMARK [1][-]{section.3.2}{\376\377\006\050\006\314\006\047\006\106\000\040\006\061\006\047\006\107\040\014\006\055\006\104\040\014\006\107\006\047\006\314\000\040\006\105\006\110\006\054\006\110\006\057\000\040\006\050\006\061\006\047\006\314\000\040\006\314\006\047\006\057\006\257\006\314\006\061\006\314\000\040\006\052\006\110\006\062\006\314\006\071\040\014\006\064\006\057\006\107}{chapter.3}% 21
\BOOKMARK [2][-]{subsection.3.2.1}{\376\377\006\061\006\047\006\107\040\014\006\055\006\104\040\014\006\107\006\047\006\314\000\040\006\052\006\110\006\062\006\314\006\071\040\014\006\064\006\057\006\107\000\040\006\050\006\057\006\110\006\106\000\040\006\105\006\057\006\104\000\040\006\105\006\055\006\047\006\063\006\050\006\047\006\052\006\314}{section.3.2}% 22
\BOOKMARK [2][-]{subsection.3.2.2}{\376\377\006\061\006\047\006\107\040\014\006\055\006\104\040\014\006\107\006\047\006\314\000\040\006\052\006\110\006\062\006\314\006\071\040\014\006\064\006\057\006\107\000\040\006\105\006\050\006\052\006\106\006\314\000\040\006\050\006\061\000\040\006\105\006\057\006\104\000\040\006\105\006\055\006\047\006\063\006\050\006\047\006\052\006\314\000\040}{section.3.2}% 23
\BOOKMARK [2][-]{subsection.3.2.3}{\376\377\006\047\006\104\006\257\006\110\006\061\006\314\006\052\006\105\040\014\006\107\006\047\006\314\000\040\006\314\006\047\006\057\006\257\006\314\006\061\006\314\000\040\006\052\006\067\006\050\006\314\006\102\006\314\000\040\006\047\006\106\006\052\006\064\006\047\006\061\006\314}{section.3.2}% 24
\BOOKMARK [2][-]{subsection.3.2.4}{\376\377\006\106\006\102\006\047\006\067\000\040\006\066\006\071\006\101\000\040\006\061\006\110\006\064\040\014\006\107\006\047\006\314\000\040\006\105\006\110\006\054\006\110\006\057}{section.3.2}% 25
\BOOKMARK [1][-]{section.3.3}{\376\377\006\056\006\104\006\047\006\065\006\107}{chapter.3}% 26
\BOOKMARK [0][-]{chapter.4}{\376\377\006\061\006\110\006\064\000\040\006\176\006\314\006\064\006\106\006\107\006\047\006\057\006\314}{}% 27
\BOOKMARK [1][-]{section.4.1}{\376\377\006\061\006\110\006\064\000\040\006\176\006\314\006\064\006\106\006\107\006\047\006\057\006\314}{chapter.4}% 28
\BOOKMARK [1][-]{section.4.2}{\376\377\006\105\006\052\006\072\006\314\006\061\006\107\006\047\006\314\000\040\006\047\006\063\006\052\006\101\006\047\006\057\006\107\000\040\006\064\006\057\006\107}{chapter.4}% 29
\BOOKMARK [1][-]{section.4.3}{\376\377\006\047\006\104\006\257\006\110\006\061\006\314\006\052\006\105\000\040\006\314\006\047\006\057\006\257\006\314\006\061\006\314\000\040\006\176\006\314\006\064\006\106\006\107\006\047\006\057\006\314}{chapter.4}% 30
\BOOKMARK [2][-]{subsection.4.3.1}{\376\377\006\047\006\104\006\257\006\110\006\061\006\314\006\052\006\105\000\040\006\314\006\047\006\057\006\257\006\314\006\061\006\314\000\040\006\052\006\067\006\050\006\314\006\102\006\314\000\040\006\047\006\106\006\052\006\064\006\047\006\061\006\314}{section.4.3}% 31
\BOOKMARK [2][-]{subsection.4.3.2}{\376\377\006\047\006\104\006\257\006\110\006\061\006\314\006\052\006\105\000\040\006\314\006\047\006\057\006\257\006\314\006\061\006\314\000\040\006\052\006\067\006\050\006\314\006\102\006\314\000\040\006\047\006\106\006\052\006\064\006\047\006\061\006\314\000\040\006\105\006\102\006\047\006\110\006\105}{section.4.3}% 32
\BOOKMARK [2][-]{subsection.4.3.3}{\376\377\006\251\006\047\006\061\006\050\006\061\006\057\000\040\006\047\006\104\006\257\006\110\006\061\006\314\006\052\006\105\000\040\006\314\006\047\006\057\006\257\006\314\006\061\006\314\000\040\006\176\006\314\006\064\006\106\006\107\006\047\006\057\006\314\000\040\006\057\006\061\000\040\006\105\006\063\006\047\006\104\006\107\000\040\006\176\006\314\006\064\040\014\006\050\006\314\006\106\006\314}{section.4.3}% 33
\BOOKMARK [1][-]{section.4.4}{\376\377\006\061\006\110\006\314\006\251\006\061\006\057\000\040\006\314\006\047\006\057\006\257\006\314\006\061\006\314\000\040\006\052\006\110\006\062\006\314\006\071\040\014\006\064\006\057\006\107\000\040\006\176\006\314\006\064\006\106\006\107\006\047\006\057\006\314}{chapter.4}% 34
\BOOKMARK [2][-]{subsection.4.4.1}{\376\377\006\105\006\057\006\104\000\040\006\105\006\055\006\047\006\063\006\050\006\047\006\052\006\314\000\040\006\176\006\314\006\064\006\106\006\107\006\047\006\057\006\314\000\040\000B\000S\000P\000\040\006\101\006\057\006\061\006\047\006\104\006\314\000\040\006\314\006\047\000\040\000F\000B\000S\000P}{section.4.4}% 35
\BOOKMARK [2][-]{subsection.4.4.2}{\376\377\006\105\006\061\006\055\006\104\006\107\000\040\006\061\006\065\006\057\000\040\006\251\006\061\006\057\006\106\000\040\006\064\006\050\006\251\006\107}{section.4.4}% 36
\BOOKMARK [2][-]{subsection.4.4.3}{\376\377\006\105\006\061\006\055\006\104\006\107\000\040\006\105\006\106\006\067\006\102\006\107\040\014\006\050\006\106\006\057\006\314\000\040\006\064\006\050\006\251\006\107}{section.4.4}% 37
\BOOKMARK [2][-]{subsection.4.4.4}{\376\377\006\105\006\061\006\055\006\104\006\107\000\040\006\050\006\061\006\056\006\067\000\040\006\061\006\110\006\314\006\251\006\061\006\057\000\040\006\314\006\047\006\057\006\257\006\314\006\061\006\314\000\040\006\176\006\314\006\064\006\106\006\107\006\047\006\057\006\314\000\040}{section.4.4}% 38
\BOOKMARK [2][-]{subsection.4.4.5}{\376\377\006\105\006\057\006\104\000\040\006\063\006\314\006\063\006\052\006\105\000\040\006\110\000\040\006\101\006\061\006\105\006\110\006\104\040\014\006\050\006\106\006\057\006\314\000\040\006\105\006\063\006\047\006\104\006\107}{section.4.4}% 39
\BOOKMARK [1][-]{section.4.5}{\376\377\006\047\006\104\006\257\006\110\006\061\006\314\006\052\006\105\000\040\006\061\006\110\006\314\006\251\006\061\006\057\000\040\006\314\006\047\006\057\006\257\006\314\006\061\006\314\000\040\006\176\006\314\006\064\006\106\006\107\006\047\006\057\006\314}{chapter.4}% 40
\BOOKMARK [1][-]{section.4.6}{\376\377\006\052\006\054\006\062\006\314\006\107\000\040\006\110\000\040\006\052\006\055\006\104\006\314\006\104\000\040\006\106\006\070\006\061\006\314\000\040\006\047\006\104\006\257\006\110\006\061\006\314\006\052\006\105\000\040\006\176\006\314\006\064\006\106\006\107\006\047\006\057\006\314}{chapter.4}% 41
\BOOKMARK [1][-]{section.4.7}{\376\377\006\052\006\054\006\062\006\314\006\107\000\040\006\110\000\040\006\052\006\055\006\104\006\314\006\104\000\040\006\106\006\070\006\061\006\314\000\040\006\061\006\110\006\314\006\251\006\061\006\057\000\040\006\176\006\314\006\064\006\106\006\107\006\047\006\057\006\314}{chapter.4}% 42
\BOOKMARK [2][-]{subsection.4.7.1}{\376\377\006\050\006\061\006\061\006\063\006\314\000\040\006\251\006\047\006\061\006\047\006\314\006\314\000\040\006\061\006\110\006\314\006\251\006\061\006\057\000\040\006\176\006\314\006\064\006\106\006\107\006\047\006\057\006\314\000\040\006\057\006\061\000\040\006\055\006\047\006\104\006\052\000\040\006\105\006\314\006\047\006\106\006\257\006\314\006\106}{section.4.7}% 43
\BOOKMARK [2][-]{subsection.4.7.2}{\376\377\006\050\006\061\006\061\006\063\006\314\000\040\006\251\006\047\006\061\006\047\006\314\006\314\000\040\006\061\006\110\006\314\006\251\006\061\006\057\000\040\006\176\006\314\006\064\006\106\006\107\006\047\006\057\006\314\000\040\006\057\006\061\000\040\006\055\006\047\006\104\006\052\000\040\006\105\006\061\006\050\006\071\000\040\006\105\006\314\006\047\006\106\006\257\006\314\006\106}{section.4.7}% 44
\BOOKMARK [2][-]{subsection.4.7.3}{\376\377\006\052\006\055\006\104\006\314\006\104\000\040\006\251\006\047\006\061\006\047\006\314\006\314\000\040\006\061\006\110\006\314\006\251\006\061\006\057\000\040\006\176\006\314\006\064\006\106\006\107\006\047\006\057\006\314\000\040\006\050\006\061\000\040\006\047\006\063\006\047\006\063\000\040\006\251\006\105\006\314\040\014\006\063\006\047\006\062\006\314\000\040\006\057\006\047\006\057\006\107\000\040\006\110\000\040\006\052\006\110\006\176\006\110\006\104\006\110\006\230\006\314\000\040\006\052\006\065\006\047\006\057\006\101\006\314}{section.4.7}% 45
\BOOKMARK [2][-]{subsection.4.7.4}{\376\377\006\052\006\055\006\104\006\314\006\104\000\040\006\071\006\105\006\104\006\251\006\061\006\057\000\040\006\064\006\050\006\251\006\107\000\040\006\052\006\067\006\050\006\314\006\102\006\314\000\040\006\047\006\106\006\052\006\064\006\047\006\061\006\314\000\040\006\176\006\314\006\064\006\106\006\107\006\047\006\057\006\314\000\040\006\057\006\061\000\040\006\064\006\061\006\047\006\314\006\067\000\040\006\072\006\314\006\061\006\047\006\314\006\063\006\052\006\047}{section.4.7}% 46
\BOOKMARK [1][-]{section.4.8}{\376\377\006\056\006\104\006\047\006\065\006\107}{chapter.4}% 47
\BOOKMARK [0][-]{chapter.5}{\376\377\006\176\006\314\006\047\006\057\006\107\040\014\006\063\006\047\006\062\006\314\000\040\006\110\000\040\006\047\006\061\006\062\006\314\006\047\006\050\006\314\000\040\006\061\006\110\006\064\000\040\006\176\006\314\006\064\006\106\006\107\006\047\006\057\006\314}{}% 48
\BOOKMARK [1][-]{section.5.1}{\376\377\006\064\006\050\006\314\006\107\040\014\006\063\006\047\006\062\006\314\000\040\006\064\006\050\006\251\006\107\040\014\006\107\006\047\006\314\000\040\006\052\006\067\006\050\006\314\006\102\006\314\000\040\006\052\006\110\006\062\006\314\006\071\040\014\006\064\006\057\006\107\000\040\006\050\006\047\000\040\000S\000i\000m\000G\000r\000i\000d}{chapter.5}% 49
\BOOKMARK [2][-]{subsection.5.1.1}{\376\377\006\105\006\110\006\104\006\101\006\107\000\040\006\064\006\050\006\314\006\107\040\014\006\063\006\047\006\062\006\314\000\040\000S\000M\000P\000I}{section.5.1}% 50
\BOOKMARK [2][-]{subsection.5.1.2}{\376\377\006\105\006\061\006\047\006\055\006\104\000\040\006\047\006\106\006\054\006\047\006\105\000\040\006\064\006\050\006\314\006\107\040\014\006\063\006\047\006\062\006\314}{section.5.1}% 51
\BOOKMARK [2][-]{subsection.5.1.3}{\376\377\006\047\006\050\006\062\006\047\006\061\000\040\000F\000B\000S\000P\000o\000n\000M\000P\000I}{section.5.1}% 52
\BOOKMARK [1][-]{section.5.2}{\376\377\006\176\006\314\006\047\006\057\006\107\040\014\006\063\006\047\006\062\006\314\000\040\006\105\006\055\006\314\006\067\000\040\006\072\006\314\006\061\006\047\006\314\006\063\006\052\006\047\000\040\006\057\006\061\000\040\006\042\006\062\006\105\006\047\006\314\006\064\006\047\006\052}{chapter.5}% 53
\BOOKMARK [1][-]{section.5.3}{\376\377\006\106\006\110\006\314\006\062\006\107\006\047\006\314\000\040\006\257\006\047\006\110\006\063\006\314\000\040\006\110\000\040\006\072\006\314\006\061\000\040\006\257\006\047\006\110\006\063\006\314\000\040\006\047\006\063\006\052\006\101\006\047\006\057\006\107\000\040\006\064\006\057\006\107\000\040\006\057\006\061\000\040\006\042\006\062\006\105\006\047\006\314\006\064\006\047\006\052}{chapter.5}% 54
\BOOKMARK [1][-]{section.5.4}{\376\377\006\052\006\110\006\047\006\050\006\071\000\040\006\056\006\067\006\047\000\040\006\050\006\061\006\061\006\063\006\314\040\014\006\064\006\057\006\107\000\040\006\057\006\061\000\040\006\042\006\062\006\105\006\047\006\314\006\064\006\047\006\052}{chapter.5}% 55
\BOOKMARK [1][-]{section.5.5}{\376\377\006\176\006\314\006\206\006\314\006\057\006\257\006\314\000\040\006\105\006\055\006\047\006\063\006\050\006\047\006\052\006\314\000\040\006\047\006\104\006\257\006\110\006\061\006\314\006\052\006\105\000\040\006\314\006\047\006\057\006\257\006\314\006\061\006\314\000\040\006\176\006\314\006\064\006\106\006\107\006\047\006\057\006\314}{chapter.5}% 56
\BOOKMARK [1][-]{section.5.6}{\376\377\006\047\006\104\006\257\006\110\006\061\006\314\006\052\006\105\040\014\006\107\006\047\006\314\000\040\006\105\006\110\006\061\006\057\000\040\006\105\006\102\006\047\006\314\006\063\006\107\000\040\006\057\006\061\000\040\006\042\006\062\006\105\006\047\006\314\006\064\006\047\006\052}{chapter.5}% 57
\BOOKMARK [2][-]{subsection.5.6.1}{\376\377\006\047\006\104\006\257\006\110\006\061\006\314\006\052\006\105\040\014\006\107\006\047\006\314\000\040\006\105\006\110\006\061\006\057\000\040\006\105\006\102\006\047\006\314\006\063\006\107\000\040\006\047\006\062\000\040\006\054\006\106\006\050\006\107\000\040\006\061\006\110\006\064\040\014\006\107\006\047\006\314\000\040\006\105\006\056\006\052\006\104\006\101\000\040\006\314\006\047\006\057\006\257\006\314\006\061\006\314\000\040\006\052\006\067\006\050\006\314\006\102\006\314\000\040\006\052\006\110\006\062\006\314\006\071\040\014\006\064\006\057\006\107\000\040}{section.5.6}% 58
\BOOKMARK [2][-]{subsection.5.6.2}{\376\377\006\047\006\104\006\257\006\110\006\061\006\314\006\052\006\105\040\014\006\107\006\047\006\314\000\040\006\105\006\110\006\061\006\057\000\040\006\105\006\102\006\047\006\314\006\063\006\107\000\040\006\047\006\062\000\040\006\054\006\106\006\050\006\107\000\040\006\061\006\110\006\064\040\014\006\107\006\047\006\314\000\040\006\105\006\056\006\052\006\104\006\101\000\040\006\107\006\105\006\257\006\047\006\105\040\014\006\063\006\047\006\062\006\314}{section.5.6}% 59
\BOOKMARK [1][-]{section.5.7}{\376\377\006\106\006\052\006\047\006\314\006\054\000\040\006\042\006\062\006\105\006\047\006\314\006\064\040\014\006\107\006\047}{chapter.5}% 60
\BOOKMARK [2][-]{subsection.5.7.1}{\376\377\006\047\006\061\006\062\006\314\006\047\006\050\006\314\000\040\006\047\006\104\006\257\006\110\006\061\006\314\006\052\006\105\000\040\000D\000S\000G\000D\000\040\006\057\006\061\000\040\006\105\006\063\006\047\006\104\006\107\000\040\006\064\006\106\006\047\006\063\006\047\006\314\006\314\000\040\006\063\006\314\006\063\006\052\006\105}{section.5.7}% 61
\BOOKMARK [2][-]{subsection.5.7.2}{\376\377\006\047\006\061\006\062\006\314\006\047\006\050\006\314\000\040\006\047\006\104\006\257\006\110\006\061\006\314\006\052\006\105\000\040\000R\000D\000S\000G\000D\000\040\006\057\006\061\000\040\006\105\006\055\006\314\006\067\000\040\006\047\006\314\006\063\006\052\006\047}{section.5.7}% 62
\BOOKMARK [2][-]{subsection.5.7.3}{\376\377\006\047\006\061\006\062\006\314\006\047\006\050\006\314\000\040\006\047\006\104\006\257\006\110\006\061\006\314\006\052\006\105\000\040\000R\000D\000S\000G\000D\000\040\006\057\006\061\000\040\006\105\006\055\006\314\006\067\040\014\000\040\006\072\006\314\006\061\006\047\006\314\006\063\006\052\006\047}{section.5.7}% 63
\BOOKMARK [2][-]{subsection.5.7.4}{\376\377\006\047\006\061\006\062\006\314\006\047\006\050\006\314\000\040\006\061\006\110\006\314\006\251\006\061\006\057\000\040\006\314\006\047\006\057\006\257\006\314\006\061\006\314\000\040\006\052\006\110\006\062\006\314\006\071\040\014\006\064\006\057\006\107\000\040\000F\000B\000S\000P\000\040\006\057\006\061\000\040\006\105\006\063\006\047\006\104\006\107\000\040\006\064\006\106\006\047\006\063\006\047\006\314\006\314\000\040\006\063\006\314\006\063\006\052\006\105}{section.5.7}% 64
\BOOKMARK [2][-]{subsection.5.7.5}{\376\377\006\047\006\061\006\062\006\314\006\047\006\050\006\314\000\040\006\061\006\110\006\314\006\251\006\061\006\057\000\040\006\314\006\047\006\057\006\257\006\314\006\061\006\314\000\040\006\052\006\110\006\062\006\314\006\071\040\014\006\064\006\057\006\107\000\040\000F\000B\000S\000P\000\040\006\057\006\061\000\040\006\105\006\063\006\047\006\104\006\107\000\040\006\176\006\314\006\064\040\014\040\014\006\050\006\314\006\106\006\314\000\040\006\050\006\047\006\062\006\047\006\061\000\040\006\050\006\110\006\061\006\063}{section.5.7}% 65
\BOOKMARK [1][-]{section.5.8}{\376\377\006\056\006\104\006\047\006\065\006\107}{chapter.5}% 66
\BOOKMARK [0][-]{chapter.6}{\376\377\006\106\006\052\006\314\006\054\006\107\040\014\006\257\006\314\006\061\006\314}{}% 67
\BOOKMARK [1][-]{section.6.1}{\376\377\006\106\006\052\006\314\006\054\006\107\040\014\006\257\006\314\006\061\006\314}{chapter.6}% 68
\BOOKMARK [1][-]{section.6.2}{\376\377\006\176\006\314\006\064\006\106\006\107\006\047\006\057\006\047\006\052\000\040\006\042\006\052\006\314}{chapter.6}% 69
\BOOKMARK [1][-]{section.6.3}{\376\377\006\105\006\102\006\047\006\104\006\047\006\052\000\040\006\105\006\063\006\052\006\056\006\061\006\054\000\040\006\047\006\062\000\040\006\061\006\063\006\047\006\104\006\107}{chapter.6}% 70
\BOOKMARK [1][-]{section.6.4}{\376\377\006\056\006\104\006\047\006\065\006\107}{chapter.6}% 71
